<?xml version="1.0" encoding="UTF-8"?>
<testsuite xmlns:xsi="http://www.w3.org/2001/XMLSchema-instance" xsi:noNamespaceSchemaLocation="https://maven.apache.org/surefire/maven-surefire-plugin/xsd/surefire-test-report.xsd" name="IntegrationTests" time="9.129" tests="4" errors="0" skipped="0" failures="0">
  <properties>
[...]
</properties>
  <testcase name="verificationOfCities" classname="IntegrationTests" time="0.668"/>
  <testcase name="verificationOfApis" classname="IntegrationTests" time="0.017"/>
  <testcase name="verificationOfApixu" classname="IntegrationTests" time="0.511"/>
  <testcase name="verificationOfDarkSky" classname="IntegrationTests" time="2.473"/>
</testsuite>