<?xml version="1.0" encoding="UTF-8"?>
<testsuite xmlns:xsi="http://www.w3.org/2001/XMLSchema-instance" xsi:noNamespaceSchemaLocation="https://maven.apache.org/surefire/maven-surefire-plugin/xsd/surefire-test-report.xsd" name="cloudplaces.cucumber.RunCucumberTest" time="25.454" tests="132" errors="0" skipped="131" failures="0">
  <properties>
[...]
</properties>
  <testcase name="John adds a property to the wishlist from the list of properties" classname="Add a property to the wishlist" time="0">
    <skipped message="The step &quot;John is logged in&quot; is undefined"/>
    <system-out><![CDATA[2019-06-26 17:20:48.964  INFO 2171 --- [           main] .b.t.c.SpringBootTestContextBootstrapper : Neither @ContextConfiguration nor @ContextHierarchy found for test class [cloudplaces.cucumber.Stepdefs], using SpringBootContextLoader
2019-06-26 17:20:48.967  INFO 2171 --- [           main] o.s.t.c.support.AbstractContextLoader    : Could not detect default resource locations for test class [cloudplaces.cucumber.Stepdefs]: no resource found for suffixes {-context.xml, Context.groovy}.
2019-06-26 17:20:48.998  INFO 2171 --- [           main] .b.t.c.SpringBootTestContextBootstrapper : Loaded default TestExecutionListener class names from location [META-INF/spring.factories]: [org.springframework.boot.test.mock.mockito.MockitoTestExecutionListener, org.springframework.boot.test.mock.mockito.ResetMocksTestExecutionListener, org.springframework.boot.test.autoconfigure.restdocs.RestDocsTestExecutionListener, org.springframework.boot.test.autoconfigure.web.client.MockRestServiceServerResetTestExecutionListener, org.springframework.boot.test.autoconfigure.web.servlet.MockMvcPrintOnlyOnFailureTestExecutionListener, org.springframework.boot.test.autoconfigure.web.servlet.WebDriverTestExecutionListener, org.springframework.test.context.web.ServletTestExecutionListener, org.springframework.test.context.support.DirtiesContextBeforeModesTestExecutionListener, org.springframework.test.context.support.DependencyInjectionTestExecutionListener, org.springframework.test.context.support.DirtiesContextTestExecutionListener, org.springframework.test.context.transaction.TransactionalTestExecutionListener, org.springframework.test.context.jdbc.SqlScriptsTestExecutionListener]
2019-06-26 17:20:49.001  INFO 2171 --- [           main] .b.t.c.SpringBootTestContextBootstrapper : Using TestExecutionListeners: [org.springframework.test.context.web.ServletTestExecutionListener@5b3e6e3c, org.springframework.test.context.support.DirtiesContextBeforeModesTestExecutionListener@3a664924, org.springframework.boot.test.mock.mockito.MockitoTestExecutionListener@4fa04125, org.springframework.boot.test.autoconfigure.SpringBootDependencyInjectionTestExecutionListener@883a13f, org.springframework.test.context.support.DirtiesContextTestExecutionListener@20e4619d, org.springframework.test.context.transaction.TransactionalTestExecutionListener@284323cc, org.springframework.test.context.jdbc.SqlScriptsTestExecutionListener@6527f688, org.springframework.boot.test.mock.mockito.ResetMocksTestExecutionListener@70b8294a, org.springframework.boot.test.autoconfigure.restdocs.RestDocsTestExecutionListener@73534649, org.springframework.boot.test.autoconfigure.web.client.MockRestServiceServerResetTestExecutionListener@42bf56ac, org.springframework.boot.test.autoconfigure.web.servlet.MockMvcPrintOnlyOnFailureTestExecutionListener@18766bc5, org.springframework.boot.test.autoconfigure.web.servlet.WebDriverTestExecutionListener@2935f3f8]

  .   ____          _            __ _ _
 /\\ / ___'_ __ _ _(_)_ __  __ _ \ \ \ \
( ( )\___ | '_ | '_| | '_ \/ _` | \ \ \ \
 \\/  ___)| |_)| | | | | || (_| |  ) ) ) )
  '  |____| .__|_| |_|_| |_\__, | / / / /
 =========|_|==============|___/=/_/_/_/
 :: Spring Boot ::        (v2.1.4.RELEASE)

2019-06-26 17:20:49.120  INFO 2171 --- [           main] cloudplaces.cucumber.Stepdefs            : Starting Stepdefs on tiredOfDebian with PID 2171 (started by user in /home/user/Desktop/CloudPlaces)
2019-06-26 17:20:49.125  INFO 2171 --- [           main] cloudplaces.cucumber.Stepdefs            : No active profile set, falling back to default profiles: default
2019-06-26 17:20:50.276  INFO 2171 --- [           main] .s.d.r.c.RepositoryConfigurationDelegate : Bootstrapping Spring Data repositories in DEFAULT mode.
2019-06-26 17:20:50.301  INFO 2171 --- [           main] .s.d.r.c.RepositoryConfigurationDelegate : Finished Spring Data repository scanning in 24ms. Found 1 repository interfaces.
2019-06-26 17:20:50.631  INFO 2171 --- [           main] trationDelegate$BeanPostProcessorChecker : Bean 'org.springframework.transaction.annotation.ProxyTransactionManagementConfiguration' of type [org.springframework.transaction.annotation.ProxyTransactionManagementConfiguration$$EnhancerBySpringCGLIB$$3de9a245] is not eligible for getting processed by all BeanPostProcessors (for example: not eligible for auto-proxying)
2019-06-26 17:20:51.840  INFO 2171 --- [           main] o.s.b.w.embedded.tomcat.TomcatWebServer  : Tomcat initialized with port(s): 8080 (http)
2019-06-26 17:20:51.994  INFO 2171 --- [           main] o.apache.catalina.core.StandardService   : Starting service [Tomcat]
2019-06-26 17:20:51.995  INFO 2171 --- [           main] org.apache.catalina.core.StandardEngine  : Starting Servlet engine: [Apache Tomcat/9.0.17]
2019-06-26 17:20:52.539  INFO 2171 --- [           main] o.a.c.c.C.[Tomcat].[localhost].[/]       : Initializing Spring embedded WebApplicationContext
2019-06-26 17:20:52.542  INFO 2171 --- [           main] o.s.web.context.ContextLoader            : Root WebApplicationContext: initialization completed in 3405 ms
2019-06-26 17:20:53.257  INFO 2171 --- [           main] com.zaxxer.hikari.HikariDataSource       : HikariPool-2 - Starting...
2019-06-26 17:20:53.286  INFO 2171 --- [           main] com.zaxxer.hikari.HikariDataSource       : HikariPool-2 - Start completed.
2019-06-26 17:20:53.355  INFO 2171 --- [           main] o.hibernate.jpa.internal.util.LogHelper  : HHH000204: Processing PersistenceUnitInfo [
	name: default
	...]
2019-06-26 17:20:53.372  INFO 2171 --- [           main] org.hibernate.dialect.Dialect            : HHH000400: Using dialect: org.hibernate.dialect.MySQL5Dialect
2019-06-26 17:20:53.903  INFO 2171 --- [           main] o.h.t.schema.internal.SchemaCreatorImpl  : HHH000476: Executing import script 'org.hibernate.tool.schema.internal.exec.ScriptSourceInputNonExistentImpl@c985572'
2019-06-26 17:20:53.904  INFO 2171 --- [           main] j.LocalContainerEntityManagerFactoryBean : Initialized JPA EntityManagerFactory for persistence unit 'default'
2019-06-26 17:20:54.627  WARN 2171 --- [           main] aWebConfiguration$JpaWebMvcConfiguration : spring.jpa.open-in-view is enabled by default. Therefore, database queries may be performed during view rendering. Explicitly configure spring.jpa.open-in-view to disable this warning
2019-06-26 17:20:55.387  INFO 2171 --- [           main] pertySourcedRequestMappingHandlerMapping : Mapped URL path [/v2/api-docs] onto method [public org.springframework.http.ResponseEntity<springfox.documentation.spring.web.json.Json> springfox.documentation.swagger2.web.Swagger2Controller.getDocumentation(java.lang.String,javax.servlet.http.HttpServletRequest)]
2019-06-26 17:20:55.971  INFO 2171 --- [           main] o.s.s.concurrent.ThreadPoolTaskExecutor  : Initializing ExecutorService 'applicationTaskExecutor'
2019-06-26 17:20:56.331  INFO 2171 --- [           main] o.s.b.a.w.s.WelcomePageHandlerMapping    : Adding welcome page template: index
2019-06-26 17:20:57.897  INFO 2171 --- [           main] d.s.w.p.DocumentationPluginsBootstrapper : Context refreshed
2019-06-26 17:20:57.900  INFO 2171 --- [           main] d.s.w.p.DocumentationPluginsBootstrapper : Found 1 custom documentation plugin(s)
2019-06-26 17:20:57.914  INFO 2171 --- [           main] s.d.s.w.s.ApiListingReferenceScanner     : Scanning for api listing references
2019-06-26 17:20:58.397  INFO 2171 --- [           main] o.s.b.w.embedded.tomcat.TomcatWebServer  : Tomcat started on port(s): 8080 (http) with context path ''
2019-06-26 17:20:58.403  INFO 2171 --- [           main] cloudplaces.cucumber.Stepdefs            : Started Stepdefs in 9.394 seconds (JVM running for 47.285)
]]></system-out>
  </testcase>
  <testcase name="John adds a property to the wishlist from the list of properties" classname="Add a property to the wishlist" time="0">
    <skipped message="The step &quot;on the homepage&quot; is undefined"/>
  </testcase>
  <testcase name="John adds a property to the wishlist from the list of properties" classname="Add a property to the wishlist" time="0">
    <skipped message="The step &quot;he presses the heart button&quot; is undefined"/>
  </testcase>
  <testcase name="John adds a property to the wishlist from the list of properties" classname="Add a property to the wishlist" time="0">
    <skipped message="The step &quot;the corresponding property is added to his wishlist&quot; is undefined"/>
  </testcase>
  <testcase name="John adds a property to the wishlist from the property details page" classname="Add a property to the wishlist" time="0">
    <skipped message="The step &quot;John is logged in&quot; is undefined"/>
    <system-out><![CDATA[2019-06-26 17:20:58.558  INFO 2171 --- [           main] .b.t.c.SpringBootTestContextBootstrapper : Neither @ContextConfiguration nor @ContextHierarchy found for test class [cloudplaces.cucumber.Stepdefs], using SpringBootContextLoader
2019-06-26 17:20:58.560  INFO 2171 --- [           main] o.s.t.c.support.AbstractContextLoader    : Could not detect default resource locations for test class [cloudplaces.cucumber.Stepdefs]: no resource found for suffixes {-context.xml, Context.groovy}.
2019-06-26 17:20:58.577  INFO 2171 --- [           main] .b.t.c.SpringBootTestContextBootstrapper : Loaded default TestExecutionListener class names from location [META-INF/spring.factories]: [org.springframework.boot.test.mock.mockito.MockitoTestExecutionListener, org.springframework.boot.test.mock.mockito.ResetMocksTestExecutionListener, org.springframework.boot.test.autoconfigure.restdocs.RestDocsTestExecutionListener, org.springframework.boot.test.autoconfigure.web.client.MockRestServiceServerResetTestExecutionListener, org.springframework.boot.test.autoconfigure.web.servlet.MockMvcPrintOnlyOnFailureTestExecutionListener, org.springframework.boot.test.autoconfigure.web.servlet.WebDriverTestExecutionListener, org.springframework.test.context.web.ServletTestExecutionListener, org.springframework.test.context.support.DirtiesContextBeforeModesTestExecutionListener, org.springframework.test.context.support.DependencyInjectionTestExecutionListener, org.springframework.test.context.support.DirtiesContextTestExecutionListener, org.springframework.test.context.transaction.TransactionalTestExecutionListener, org.springframework.test.context.jdbc.SqlScriptsTestExecutionListener]
2019-06-26 17:20:58.583  INFO 2171 --- [           main] .b.t.c.SpringBootTestContextBootstrapper : Using TestExecutionListeners: [org.springframework.test.context.web.ServletTestExecutionListener@64c09f31, org.springframework.test.context.support.DirtiesContextBeforeModesTestExecutionListener@4d9307fe, org.springframework.boot.test.mock.mockito.MockitoTestExecutionListener@3c61ece1, org.springframework.boot.test.autoconfigure.SpringBootDependencyInjectionTestExecutionListener@2d08c98f, org.springframework.test.context.support.DirtiesContextTestExecutionListener@4d51f208, org.springframework.test.context.transaction.TransactionalTestExecutionListener@18a8b0ab, org.springframework.test.context.jdbc.SqlScriptsTestExecutionListener@2b1d41bb, org.springframework.boot.test.mock.mockito.ResetMocksTestExecutionListener@40b2b1e6, org.springframework.boot.test.autoconfigure.restdocs.RestDocsTestExecutionListener@231da4a, org.springframework.boot.test.autoconfigure.web.client.MockRestServiceServerResetTestExecutionListener@5fc10f4f, org.springframework.boot.test.autoconfigure.web.servlet.MockMvcPrintOnlyOnFailureTestExecutionListener@1e108d95, org.springframework.boot.test.autoconfigure.web.servlet.WebDriverTestExecutionListener@4b782230]
]]></system-out>
  </testcase>
  <testcase name="John adds a property to the wishlist from the property details page" classname="Add a property to the wishlist" time="0">
    <skipped message="The step &quot;on the corresponding property page&quot; is undefined"/>
  </testcase>
  <testcase name="John adds a property to the wishlist from the property details page" classname="Add a property to the wishlist" time="0">
    <skipped message="The step &quot;he presses the heart button&quot; is undefined"/>
  </testcase>
  <testcase name="John adds a property to the wishlist from the property details page" classname="Add a property to the wishlist" time="0">
    <skipped message="The step &quot;the corresponding property is added to his wishlist&quot; is undefined"/>
  </testcase>
  <testcase name="John wants to chose a property" classname="Choose best property" time="0">
    <skipped message="The step &quot;John already compared the properties&quot; is undefined"/>
    <system-out><![CDATA[2019-06-26 17:20:58.594  INFO 2171 --- [           main] .b.t.c.SpringBootTestContextBootstrapper : Neither @ContextConfiguration nor @ContextHierarchy found for test class [cloudplaces.cucumber.Stepdefs], using SpringBootContextLoader
2019-06-26 17:20:58.603  INFO 2171 --- [           main] o.s.t.c.support.AbstractContextLoader    : Could not detect default resource locations for test class [cloudplaces.cucumber.Stepdefs]: no resource found for suffixes {-context.xml, Context.groovy}.
2019-06-26 17:20:58.613  INFO 2171 --- [           main] .b.t.c.SpringBootTestContextBootstrapper : Loaded default TestExecutionListener class names from location [META-INF/spring.factories]: [org.springframework.boot.test.mock.mockito.MockitoTestExecutionListener, org.springframework.boot.test.mock.mockito.ResetMocksTestExecutionListener, org.springframework.boot.test.autoconfigure.restdocs.RestDocsTestExecutionListener, org.springframework.boot.test.autoconfigure.web.client.MockRestServiceServerResetTestExecutionListener, org.springframework.boot.test.autoconfigure.web.servlet.MockMvcPrintOnlyOnFailureTestExecutionListener, org.springframework.boot.test.autoconfigure.web.servlet.WebDriverTestExecutionListener, org.springframework.test.context.web.ServletTestExecutionListener, org.springframework.test.context.support.DirtiesContextBeforeModesTestExecutionListener, org.springframework.test.context.support.DependencyInjectionTestExecutionListener, org.springframework.test.context.support.DirtiesContextTestExecutionListener, org.springframework.test.context.transaction.TransactionalTestExecutionListener, org.springframework.test.context.jdbc.SqlScriptsTestExecutionListener]
2019-06-26 17:20:58.624  INFO 2171 --- [           main] .b.t.c.SpringBootTestContextBootstrapper : Using TestExecutionListeners: [org.springframework.test.context.web.ServletTestExecutionListener@4797529f, org.springframework.test.context.support.DirtiesContextBeforeModesTestExecutionListener@107b8655, org.springframework.boot.test.mock.mockito.MockitoTestExecutionListener@a1dcdea, org.springframework.boot.test.autoconfigure.SpringBootDependencyInjectionTestExecutionListener@7e173b, org.springframework.test.context.support.DirtiesContextTestExecutionListener@7d00ae01, org.springframework.test.context.transaction.TransactionalTestExecutionListener@3105d6da, org.springframework.test.context.jdbc.SqlScriptsTestExecutionListener@55132f8d, org.springframework.boot.test.mock.mockito.ResetMocksTestExecutionListener@25a43ddb, org.springframework.boot.test.autoconfigure.restdocs.RestDocsTestExecutionListener@5d2cffc8, org.springframework.boot.test.autoconfigure.web.client.MockRestServiceServerResetTestExecutionListener@420041b1, org.springframework.boot.test.autoconfigure.web.servlet.MockMvcPrintOnlyOnFailureTestExecutionListener@e23713b, org.springframework.boot.test.autoconfigure.web.servlet.WebDriverTestExecutionListener@aedcfc1]
]]></system-out>
  </testcase>
  <testcase name="John wants to chose a property" classname="Choose best property" time="0">
    <skipped message="The step &quot;John presses on a property&quot; is undefined"/>
  </testcase>
  <testcase name="John wants to chose a property" classname="Choose best property" time="0">
    <skipped message="The step &quot;John should see the property details&quot; is undefined"/>
  </testcase>
  <testcase name="John doesn&apos;t want to chose a property" classname="Choose best property" time="0">
    <skipped message="The step &quot;John already compared the properties&quot; is undefined"/>
    <system-out><![CDATA[2019-06-26 17:20:58.658  INFO 2171 --- [           main] .b.t.c.SpringBootTestContextBootstrapper : Neither @ContextConfiguration nor @ContextHierarchy found for test class [cloudplaces.cucumber.Stepdefs], using SpringBootContextLoader
2019-06-26 17:20:58.669  INFO 2171 --- [           main] o.s.t.c.support.AbstractContextLoader    : Could not detect default resource locations for test class [cloudplaces.cucumber.Stepdefs]: no resource found for suffixes {-context.xml, Context.groovy}.
2019-06-26 17:20:58.696  INFO 2171 --- [           main] .b.t.c.SpringBootTestContextBootstrapper : Loaded default TestExecutionListener class names from location [META-INF/spring.factories]: [org.springframework.boot.test.mock.mockito.MockitoTestExecutionListener, org.springframework.boot.test.mock.mockito.ResetMocksTestExecutionListener, org.springframework.boot.test.autoconfigure.restdocs.RestDocsTestExecutionListener, org.springframework.boot.test.autoconfigure.web.client.MockRestServiceServerResetTestExecutionListener, org.springframework.boot.test.autoconfigure.web.servlet.MockMvcPrintOnlyOnFailureTestExecutionListener, org.springframework.boot.test.autoconfigure.web.servlet.WebDriverTestExecutionListener, org.springframework.test.context.web.ServletTestExecutionListener, org.springframework.test.context.support.DirtiesContextBeforeModesTestExecutionListener, org.springframework.test.context.support.DependencyInjectionTestExecutionListener, org.springframework.test.context.support.DirtiesContextTestExecutionListener, org.springframework.test.context.transaction.TransactionalTestExecutionListener, org.springframework.test.context.jdbc.SqlScriptsTestExecutionListener]
2019-06-26 17:20:58.706  INFO 2171 --- [           main] .b.t.c.SpringBootTestContextBootstrapper : Using TestExecutionListeners: [org.springframework.test.context.web.ServletTestExecutionListener@3005a3eb, org.springframework.test.context.support.DirtiesContextBeforeModesTestExecutionListener@70c86193, org.springframework.boot.test.mock.mockito.MockitoTestExecutionListener@65f77c18, org.springframework.boot.test.autoconfigure.SpringBootDependencyInjectionTestExecutionListener@10024a0, org.springframework.test.context.support.DirtiesContextTestExecutionListener@1c07c590, org.springframework.test.context.transaction.TransactionalTestExecutionListener@2f70fb7a, org.springframework.test.context.jdbc.SqlScriptsTestExecutionListener@71b94530, org.springframework.boot.test.mock.mockito.ResetMocksTestExecutionListener@719c4a83, org.springframework.boot.test.autoconfigure.restdocs.RestDocsTestExecutionListener@53952a65, org.springframework.boot.test.autoconfigure.web.client.MockRestServiceServerResetTestExecutionListener@7b16a046, org.springframework.boot.test.autoconfigure.web.servlet.MockMvcPrintOnlyOnFailureTestExecutionListener@403dfad1, org.springframework.boot.test.autoconfigure.web.servlet.WebDriverTestExecutionListener@53667807]
]]></system-out>
  </testcase>
  <testcase name="John doesn&apos;t want to chose a property" classname="Choose best property" time="0">
    <skipped message="The step &quot;John presses close&quot; is undefined"/>
  </testcase>
  <testcase name="John doesn&apos;t want to chose a property" classname="Choose best property" time="0">
    <skipped message="The step &quot;the comparator is removed.&quot; is undefined"/>
  </testcase>
  <testcase name="Fields are correctly filled" classname="Create an Ad" time="0">
    <skipped message="The step &quot;Maria is logged in And clicks on the button create rental&quot; is undefined"/>
    <system-out><![CDATA[2019-06-26 17:20:58.724  INFO 2171 --- [           main] .b.t.c.SpringBootTestContextBootstrapper : Neither @ContextConfiguration nor @ContextHierarchy found for test class [cloudplaces.cucumber.Stepdefs], using SpringBootContextLoader
2019-06-26 17:20:58.729  INFO 2171 --- [           main] o.s.t.c.support.AbstractContextLoader    : Could not detect default resource locations for test class [cloudplaces.cucumber.Stepdefs]: no resource found for suffixes {-context.xml, Context.groovy}.
2019-06-26 17:20:58.759  INFO 2171 --- [           main] .b.t.c.SpringBootTestContextBootstrapper : Loaded default TestExecutionListener class names from location [META-INF/spring.factories]: [org.springframework.boot.test.mock.mockito.MockitoTestExecutionListener, org.springframework.boot.test.mock.mockito.ResetMocksTestExecutionListener, org.springframework.boot.test.autoconfigure.restdocs.RestDocsTestExecutionListener, org.springframework.boot.test.autoconfigure.web.client.MockRestServiceServerResetTestExecutionListener, org.springframework.boot.test.autoconfigure.web.servlet.MockMvcPrintOnlyOnFailureTestExecutionListener, org.springframework.boot.test.autoconfigure.web.servlet.WebDriverTestExecutionListener, org.springframework.test.context.web.ServletTestExecutionListener, org.springframework.test.context.support.DirtiesContextBeforeModesTestExecutionListener, org.springframework.test.context.support.DependencyInjectionTestExecutionListener, org.springframework.test.context.support.DirtiesContextTestExecutionListener, org.springframework.test.context.transaction.TransactionalTestExecutionListener, org.springframework.test.context.jdbc.SqlScriptsTestExecutionListener]
2019-06-26 17:20:58.764  INFO 2171 --- [           main] .b.t.c.SpringBootTestContextBootstrapper : Using TestExecutionListeners: [org.springframework.test.context.web.ServletTestExecutionListener@295ab60c, org.springframework.test.context.support.DirtiesContextBeforeModesTestExecutionListener@678027f1, org.springframework.boot.test.mock.mockito.MockitoTestExecutionListener@4844b2a2, org.springframework.boot.test.autoconfigure.SpringBootDependencyInjectionTestExecutionListener@28825ded, org.springframework.test.context.support.DirtiesContextTestExecutionListener@54146427, org.springframework.test.context.transaction.TransactionalTestExecutionListener@32cd7efb, org.springframework.test.context.jdbc.SqlScriptsTestExecutionListener@5f710ba2, org.springframework.boot.test.mock.mockito.ResetMocksTestExecutionListener@65265894, org.springframework.boot.test.autoconfigure.restdocs.RestDocsTestExecutionListener@12e43d4b, org.springframework.boot.test.autoconfigure.web.client.MockRestServiceServerResetTestExecutionListener@4b87b34a, org.springframework.boot.test.autoconfigure.web.servlet.MockMvcPrintOnlyOnFailureTestExecutionListener@1c7c9d83, org.springframework.boot.test.autoconfigure.web.servlet.WebDriverTestExecutionListener@4bc98460]
]]></system-out>
  </testcase>
  <testcase name="Fields are correctly filled" classname="Create an Ad" time="0">
    <skipped message="The step &quot;Maria fills Name as &quot;Casa 1&quot;&quot; is undefined"/>
  </testcase>
  <testcase name="Fields are correctly filled" classname="Create an Ad" time="0">
    <skipped message="The step &quot;Location as &quot;Aveiro&quot;&quot; is undefined"/>
  </testcase>
  <testcase name="Fields are correctly filled" classname="Create an Ad" time="0">
    <skipped message="The step &quot;Habitable Space as &quot;30&quot;&quot; is undefined"/>
  </testcase>
  <testcase name="Fields are correctly filled" classname="Create an Ad" time="0">
    <skipped message="The step &quot;Number of Rooms as &quot;3&quot;&quot; is undefined"/>
  </testcase>
  <testcase name="Fields are correctly filled" classname="Create an Ad" time="0">
    <skipped message="The step &quot;Price as &quot;120&quot;&quot; is undefined"/>
  </testcase>
  <testcase name="Fields are correctly filled" classname="Create an Ad" time="0">
    <skipped message="The step &quot;presses publish&quot; is undefined"/>
  </testcase>
  <testcase name="Fields are correctly filled" classname="Create an Ad" time="0">
    <skipped message="The step &quot;The system should create a success message And publish the rental&quot; is undefined"/>
  </testcase>
  <testcase name="Fields are not filled correctly" classname="Create an Ad" time="0">
    <skipped message="The step &quot;I&apos;m logged in And click on the button create rental&quot; is undefined"/>
    <system-out><![CDATA[2019-06-26 17:20:58.839  INFO 2171 --- [           main] .b.t.c.SpringBootTestContextBootstrapper : Neither @ContextConfiguration nor @ContextHierarchy found for test class [cloudplaces.cucumber.Stepdefs], using SpringBootContextLoader
2019-06-26 17:20:58.841  INFO 2171 --- [           main] o.s.t.c.support.AbstractContextLoader    : Could not detect default resource locations for test class [cloudplaces.cucumber.Stepdefs]: no resource found for suffixes {-context.xml, Context.groovy}.
2019-06-26 17:20:58.862  INFO 2171 --- [           main] .b.t.c.SpringBootTestContextBootstrapper : Loaded default TestExecutionListener class names from location [META-INF/spring.factories]: [org.springframework.boot.test.mock.mockito.MockitoTestExecutionListener, org.springframework.boot.test.mock.mockito.ResetMocksTestExecutionListener, org.springframework.boot.test.autoconfigure.restdocs.RestDocsTestExecutionListener, org.springframework.boot.test.autoconfigure.web.client.MockRestServiceServerResetTestExecutionListener, org.springframework.boot.test.autoconfigure.web.servlet.MockMvcPrintOnlyOnFailureTestExecutionListener, org.springframework.boot.test.autoconfigure.web.servlet.WebDriverTestExecutionListener, org.springframework.test.context.web.ServletTestExecutionListener, org.springframework.test.context.support.DirtiesContextBeforeModesTestExecutionListener, org.springframework.test.context.support.DependencyInjectionTestExecutionListener, org.springframework.test.context.support.DirtiesContextTestExecutionListener, org.springframework.test.context.transaction.TransactionalTestExecutionListener, org.springframework.test.context.jdbc.SqlScriptsTestExecutionListener]
2019-06-26 17:20:58.874  INFO 2171 --- [           main] .b.t.c.SpringBootTestContextBootstrapper : Using TestExecutionListeners: [org.springframework.test.context.web.ServletTestExecutionListener@22f81f65, org.springframework.test.context.support.DirtiesContextBeforeModesTestExecutionListener@92cb796, org.springframework.boot.test.mock.mockito.MockitoTestExecutionListener@7112ddf, org.springframework.boot.test.autoconfigure.SpringBootDependencyInjectionTestExecutionListener@19711564, org.springframework.test.context.support.DirtiesContextTestExecutionListener@7b903218, org.springframework.test.context.transaction.TransactionalTestExecutionListener@17ecaafb, org.springframework.test.context.jdbc.SqlScriptsTestExecutionListener@199d120c, org.springframework.boot.test.mock.mockito.ResetMocksTestExecutionListener@856ee6e, org.springframework.boot.test.autoconfigure.restdocs.RestDocsTestExecutionListener@72ac0d8e, org.springframework.boot.test.autoconfigure.web.client.MockRestServiceServerResetTestExecutionListener@e5ca52, org.springframework.boot.test.autoconfigure.web.servlet.MockMvcPrintOnlyOnFailureTestExecutionListener@7199a530, org.springframework.boot.test.autoconfigure.web.servlet.WebDriverTestExecutionListener@4e8300f3]
]]></system-out>
  </testcase>
  <testcase name="Fields are not filled correctly" classname="Create an Ad" time="0">
    <skipped message="The step &quot;Maria fills Name as &quot;Casa 1&quot;&quot; is undefined"/>
  </testcase>
  <testcase name="Fields are not filled correctly" classname="Create an Ad" time="0">
    <skipped message="The step &quot;Location as &quot;Aveiro&quot;&quot; is undefined"/>
  </testcase>
  <testcase name="Fields are not filled correctly" classname="Create an Ad" time="0">
    <skipped message="The step &quot;Habitable Space as &quot;0&quot;&quot; is undefined"/>
  </testcase>
  <testcase name="Fields are not filled correctly" classname="Create an Ad" time="0">
    <skipped message="The step &quot;Number of Rooms as &quot;3&quot;&quot; is undefined"/>
  </testcase>
  <testcase name="Fields are not filled correctly" classname="Create an Ad" time="0">
    <skipped message="The step &quot;Price as &quot;120&quot;&quot; is undefined"/>
  </testcase>
  <testcase name="Fields are not filled correctly" classname="Create an Ad" time="0">
    <skipped message="The step &quot;presses publish&quot; is undefined"/>
  </testcase>
  <testcase name="Fields are not filled correctly" classname="Create an Ad" time="0">
    <skipped message="The step &quot;I should receive feedback alerting me for the incorrectly filled&quot; is undefined"/>
  </testcase>
  <testcase name="Maria fills everything correctly" classname="Create a new contract" time="0">
    <skipped message="The step &quot;Maria is logged in&quot; is undefined"/>
    <system-out><![CDATA[2019-06-26 17:20:58.964  INFO 2171 --- [           main] .b.t.c.SpringBootTestContextBootstrapper : Neither @ContextConfiguration nor @ContextHierarchy found for test class [cloudplaces.cucumber.Stepdefs], using SpringBootContextLoader
2019-06-26 17:20:58.973  INFO 2171 --- [           main] o.s.t.c.support.AbstractContextLoader    : Could not detect default resource locations for test class [cloudplaces.cucumber.Stepdefs]: no resource found for suffixes {-context.xml, Context.groovy}.
2019-06-26 17:20:58.996  INFO 2171 --- [           main] .b.t.c.SpringBootTestContextBootstrapper : Loaded default TestExecutionListener class names from location [META-INF/spring.factories]: [org.springframework.boot.test.mock.mockito.MockitoTestExecutionListener, org.springframework.boot.test.mock.mockito.ResetMocksTestExecutionListener, org.springframework.boot.test.autoconfigure.restdocs.RestDocsTestExecutionListener, org.springframework.boot.test.autoconfigure.web.client.MockRestServiceServerResetTestExecutionListener, org.springframework.boot.test.autoconfigure.web.servlet.MockMvcPrintOnlyOnFailureTestExecutionListener, org.springframework.boot.test.autoconfigure.web.servlet.WebDriverTestExecutionListener, org.springframework.test.context.web.ServletTestExecutionListener, org.springframework.test.context.support.DirtiesContextBeforeModesTestExecutionListener, org.springframework.test.context.support.DependencyInjectionTestExecutionListener, org.springframework.test.context.support.DirtiesContextTestExecutionListener, org.springframework.test.context.transaction.TransactionalTestExecutionListener, org.springframework.test.context.jdbc.SqlScriptsTestExecutionListener]
2019-06-26 17:20:59.004  INFO 2171 --- [           main] .b.t.c.SpringBootTestContextBootstrapper : Using TestExecutionListeners: [org.springframework.test.context.web.ServletTestExecutionListener@49b09c5b, org.springframework.test.context.support.DirtiesContextBeforeModesTestExecutionListener@795a9dfd, org.springframework.boot.test.mock.mockito.MockitoTestExecutionListener@11beb761, org.springframework.boot.test.autoconfigure.SpringBootDependencyInjectionTestExecutionListener@3fe3e2df, org.springframework.test.context.support.DirtiesContextTestExecutionListener@72fce33c, org.springframework.test.context.transaction.TransactionalTestExecutionListener@5f643deb, org.springframework.test.context.jdbc.SqlScriptsTestExecutionListener@3b059cd9, org.springframework.boot.test.mock.mockito.ResetMocksTestExecutionListener@1b50647c, org.springframework.boot.test.autoconfigure.restdocs.RestDocsTestExecutionListener@ea08129, org.springframework.boot.test.autoconfigure.web.client.MockRestServiceServerResetTestExecutionListener@70d56e73, org.springframework.boot.test.autoconfigure.web.servlet.MockMvcPrintOnlyOnFailureTestExecutionListener@67a1c7e4, org.springframework.boot.test.autoconfigure.web.servlet.WebDriverTestExecutionListener@7f4a3ce8]
]]></system-out>
  </testcase>
  <testcase name="Maria fills everything correctly" classname="Create a new contract" time="0">
    <skipped message="The step &quot;on her property page&quot; is undefined"/>
  </testcase>
  <testcase name="Maria fills everything correctly" classname="Create a new contract" time="0">
    <skipped message="The step &quot;She presses the generate contract button&quot; is undefined"/>
  </testcase>
  <testcase name="Maria fills everything correctly" classname="Create a new contract" time="0">
    <skipped message="The step &quot;fills name with &quot;João&quot;&quot; is undefined"/>
  </testcase>
  <testcase name="Maria fills everything correctly" classname="Create a new contract" time="0">
    <skipped message="The step &quot;start date with &quot;30/06/2019&quot;&quot; is undefined"/>
  </testcase>
  <testcase name="Maria fills everything correctly" classname="Create a new contract" time="0">
    <skipped message="The step &quot;end date with &quot;31/07/2019&quot;&quot; is undefined"/>
  </testcase>
  <testcase name="Maria fills everything correctly" classname="Create a new contract" time="0">
    <skipped message="The step &quot;the system generates a contract&quot; is undefined"/>
  </testcase>
  <testcase name="Maria fills everything correctly" classname="Create a new contract" time="0">
    <skipped message="The step &quot;makes it available for download&quot; is undefined"/>
  </testcase>
  <testcase name="Maria fills one field incorrectly" classname="Create a new contract" time="0">
    <skipped message="The step &quot;Maria is logged in&quot; is undefined"/>
    <system-out><![CDATA[2019-06-26 17:20:59.021  INFO 2171 --- [           main] .b.t.c.SpringBootTestContextBootstrapper : Neither @ContextConfiguration nor @ContextHierarchy found for test class [cloudplaces.cucumber.Stepdefs], using SpringBootContextLoader
2019-06-26 17:20:59.024  INFO 2171 --- [           main] o.s.t.c.support.AbstractContextLoader    : Could not detect default resource locations for test class [cloudplaces.cucumber.Stepdefs]: no resource found for suffixes {-context.xml, Context.groovy}.
2019-06-26 17:20:59.041  INFO 2171 --- [           main] .b.t.c.SpringBootTestContextBootstrapper : Loaded default TestExecutionListener class names from location [META-INF/spring.factories]: [org.springframework.boot.test.mock.mockito.MockitoTestExecutionListener, org.springframework.boot.test.mock.mockito.ResetMocksTestExecutionListener, org.springframework.boot.test.autoconfigure.restdocs.RestDocsTestExecutionListener, org.springframework.boot.test.autoconfigure.web.client.MockRestServiceServerResetTestExecutionListener, org.springframework.boot.test.autoconfigure.web.servlet.MockMvcPrintOnlyOnFailureTestExecutionListener, org.springframework.boot.test.autoconfigure.web.servlet.WebDriverTestExecutionListener, org.springframework.test.context.web.ServletTestExecutionListener, org.springframework.test.context.support.DirtiesContextBeforeModesTestExecutionListener, org.springframework.test.context.support.DependencyInjectionTestExecutionListener, org.springframework.test.context.support.DirtiesContextTestExecutionListener, org.springframework.test.context.transaction.TransactionalTestExecutionListener, org.springframework.test.context.jdbc.SqlScriptsTestExecutionListener]
2019-06-26 17:20:59.045  INFO 2171 --- [           main] .b.t.c.SpringBootTestContextBootstrapper : Using TestExecutionListeners: [org.springframework.test.context.web.ServletTestExecutionListener@58ddbd2f, org.springframework.test.context.support.DirtiesContextBeforeModesTestExecutionListener@4eaec8d, org.springframework.boot.test.mock.mockito.MockitoTestExecutionListener@68256748, org.springframework.boot.test.autoconfigure.SpringBootDependencyInjectionTestExecutionListener@76d52c82, org.springframework.test.context.support.DirtiesContextTestExecutionListener@43d4c3b2, org.springframework.test.context.transaction.TransactionalTestExecutionListener@1009d1c1, org.springframework.test.context.jdbc.SqlScriptsTestExecutionListener@5355fbaf, org.springframework.boot.test.mock.mockito.ResetMocksTestExecutionListener@cbb6c7b, org.springframework.boot.test.autoconfigure.restdocs.RestDocsTestExecutionListener@6917e70d, org.springframework.boot.test.autoconfigure.web.client.MockRestServiceServerResetTestExecutionListener@374ea437, org.springframework.boot.test.autoconfigure.web.servlet.MockMvcPrintOnlyOnFailureTestExecutionListener@4bbaa9f2, org.springframework.boot.test.autoconfigure.web.servlet.WebDriverTestExecutionListener@1c35cc4a]
]]></system-out>
  </testcase>
  <testcase name="Maria fills one field incorrectly" classname="Create a new contract" time="0">
    <skipped message="The step &quot;on her property page&quot; is undefined"/>
  </testcase>
  <testcase name="Maria fills one field incorrectly" classname="Create a new contract" time="0">
    <skipped message="The step &quot;She presses the generate contract button&quot; is undefined"/>
  </testcase>
  <testcase name="Maria fills one field incorrectly" classname="Create a new contract" time="0">
    <skipped message="The step &quot;fills name with &quot;João&quot;&quot; is undefined"/>
  </testcase>
  <testcase name="Maria fills one field incorrectly" classname="Create a new contract" time="0">
    <skipped message="The step &quot;start date with &quot;20/06/2019&quot;&quot; is undefined"/>
  </testcase>
  <testcase name="Maria fills one field incorrectly" classname="Create a new contract" time="0">
    <skipped message="The step &quot;end date with &quot;31/07/2019&quot;&quot; is undefined"/>
  </testcase>
  <testcase name="Maria fills one field incorrectly" classname="Create a new contract" time="0">
    <skipped message="The step &quot;the system generates an error message&quot; is undefined"/>
  </testcase>
  <testcase name="Maria fills one field incorrectly" classname="Create a new contract" time="0">
    <skipped message="The step &quot;doesn&apos;t allow the download of the contract&quot; is undefined"/>
  </testcase>
  <testcase name="Correctly edit the property" classname="Edit Ad" time="0">
    <skipped message="The step &quot;Maria is logged in And selected the property to edit&quot; is undefined"/>
    <system-out><![CDATA[2019-06-26 17:20:59.055  INFO 2171 --- [           main] .b.t.c.SpringBootTestContextBootstrapper : Neither @ContextConfiguration nor @ContextHierarchy found for test class [cloudplaces.cucumber.Stepdefs], using SpringBootContextLoader
2019-06-26 17:20:59.057  INFO 2171 --- [           main] o.s.t.c.support.AbstractContextLoader    : Could not detect default resource locations for test class [cloudplaces.cucumber.Stepdefs]: no resource found for suffixes {-context.xml, Context.groovy}.
2019-06-26 17:20:59.062  INFO 2171 --- [           main] .b.t.c.SpringBootTestContextBootstrapper : Loaded default TestExecutionListener class names from location [META-INF/spring.factories]: [org.springframework.boot.test.mock.mockito.MockitoTestExecutionListener, org.springframework.boot.test.mock.mockito.ResetMocksTestExecutionListener, org.springframework.boot.test.autoconfigure.restdocs.RestDocsTestExecutionListener, org.springframework.boot.test.autoconfigure.web.client.MockRestServiceServerResetTestExecutionListener, org.springframework.boot.test.autoconfigure.web.servlet.MockMvcPrintOnlyOnFailureTestExecutionListener, org.springframework.boot.test.autoconfigure.web.servlet.WebDriverTestExecutionListener, org.springframework.test.context.web.ServletTestExecutionListener, org.springframework.test.context.support.DirtiesContextBeforeModesTestExecutionListener, org.springframework.test.context.support.DependencyInjectionTestExecutionListener, org.springframework.test.context.support.DirtiesContextTestExecutionListener, org.springframework.test.context.transaction.TransactionalTestExecutionListener, org.springframework.test.context.jdbc.SqlScriptsTestExecutionListener]
2019-06-26 17:20:59.064  INFO 2171 --- [           main] .b.t.c.SpringBootTestContextBootstrapper : Using TestExecutionListeners: [org.springframework.test.context.web.ServletTestExecutionListener@4a4c6f4e, org.springframework.test.context.support.DirtiesContextBeforeModesTestExecutionListener@861152c, org.springframework.boot.test.mock.mockito.MockitoTestExecutionListener@160ad8eb, org.springframework.boot.test.autoconfigure.SpringBootDependencyInjectionTestExecutionListener@24ef01fc, org.springframework.test.context.support.DirtiesContextTestExecutionListener@df02c30, org.springframework.test.context.transaction.TransactionalTestExecutionListener@d3890d7, org.springframework.test.context.jdbc.SqlScriptsTestExecutionListener@4d35dc1b, org.springframework.boot.test.mock.mockito.ResetMocksTestExecutionListener@1189c4a0, org.springframework.boot.test.autoconfigure.restdocs.RestDocsTestExecutionListener@1d94eb0d, org.springframework.boot.test.autoconfigure.web.client.MockRestServiceServerResetTestExecutionListener@54e37e40, org.springframework.boot.test.autoconfigure.web.servlet.MockMvcPrintOnlyOnFailureTestExecutionListener@3755b5c3, org.springframework.boot.test.autoconfigure.web.servlet.WebDriverTestExecutionListener@6826cb4d]
]]></system-out>
  </testcase>
  <testcase name="Correctly edit the property" classname="Edit Ad" time="0">
    <skipped message="The step &quot;Maria fills Name as &quot;Casa 1&quot;&quot; is undefined"/>
  </testcase>
  <testcase name="Correctly edit the property" classname="Edit Ad" time="0">
    <skipped message="The step &quot;Location as &quot;Aveiro&quot;&quot; is undefined"/>
  </testcase>
  <testcase name="Correctly edit the property" classname="Edit Ad" time="0">
    <skipped message="The step &quot;Habitable Space as &quot;30&quot;&quot; is undefined"/>
  </testcase>
  <testcase name="Correctly edit the property" classname="Edit Ad" time="0">
    <skipped message="The step &quot;Number of Rooms as &quot;3&quot;&quot; is undefined"/>
  </testcase>
  <testcase name="Correctly edit the property" classname="Edit Ad" time="0">
    <skipped message="The step &quot;Price as &quot;120&quot;&quot; is undefined"/>
  </testcase>
  <testcase name="Correctly edit the property" classname="Edit Ad" time="0">
    <skipped message="The step &quot;submits the change&quot; is undefined"/>
  </testcase>
  <testcase name="Correctly edit the property" classname="Edit Ad" time="0">
    <skipped message="The step &quot;Maria should receive a success message.&quot; is undefined"/>
  </testcase>
  <testcase name="Incorrectly edit the property" classname="Edit Ad" time="0">
    <skipped message="The step &quot;Maria is logged in And selected the property to edit&quot; is undefined"/>
    <system-out><![CDATA[2019-06-26 17:20:59.098  INFO 2171 --- [           main] .b.t.c.SpringBootTestContextBootstrapper : Neither @ContextConfiguration nor @ContextHierarchy found for test class [cloudplaces.cucumber.Stepdefs], using SpringBootContextLoader
2019-06-26 17:20:59.101  INFO 2171 --- [           main] o.s.t.c.support.AbstractContextLoader    : Could not detect default resource locations for test class [cloudplaces.cucumber.Stepdefs]: no resource found for suffixes {-context.xml, Context.groovy}.
2019-06-26 17:20:59.106  INFO 2171 --- [           main] .b.t.c.SpringBootTestContextBootstrapper : Loaded default TestExecutionListener class names from location [META-INF/spring.factories]: [org.springframework.boot.test.mock.mockito.MockitoTestExecutionListener, org.springframework.boot.test.mock.mockito.ResetMocksTestExecutionListener, org.springframework.boot.test.autoconfigure.restdocs.RestDocsTestExecutionListener, org.springframework.boot.test.autoconfigure.web.client.MockRestServiceServerResetTestExecutionListener, org.springframework.boot.test.autoconfigure.web.servlet.MockMvcPrintOnlyOnFailureTestExecutionListener, org.springframework.boot.test.autoconfigure.web.servlet.WebDriverTestExecutionListener, org.springframework.test.context.web.ServletTestExecutionListener, org.springframework.test.context.support.DirtiesContextBeforeModesTestExecutionListener, org.springframework.test.context.support.DependencyInjectionTestExecutionListener, org.springframework.test.context.support.DirtiesContextTestExecutionListener, org.springframework.test.context.transaction.TransactionalTestExecutionListener, org.springframework.test.context.jdbc.SqlScriptsTestExecutionListener]
2019-06-26 17:20:59.108  INFO 2171 --- [           main] .b.t.c.SpringBootTestContextBootstrapper : Using TestExecutionListeners: [org.springframework.test.context.web.ServletTestExecutionListener@525089c7, org.springframework.test.context.support.DirtiesContextBeforeModesTestExecutionListener@1d8efcb3, org.springframework.boot.test.mock.mockito.MockitoTestExecutionListener@76fa96c, org.springframework.boot.test.autoconfigure.SpringBootDependencyInjectionTestExecutionListener@594d766f, org.springframework.test.context.support.DirtiesContextTestExecutionListener@f05d230, org.springframework.test.context.transaction.TransactionalTestExecutionListener@6504dc07, org.springframework.test.context.jdbc.SqlScriptsTestExecutionListener@1f5a3d02, org.springframework.boot.test.mock.mockito.ResetMocksTestExecutionListener@2d96ce88, org.springframework.boot.test.autoconfigure.restdocs.RestDocsTestExecutionListener@c230d58, org.springframework.boot.test.autoconfigure.web.client.MockRestServiceServerResetTestExecutionListener@4f840c3f, org.springframework.boot.test.autoconfigure.web.servlet.MockMvcPrintOnlyOnFailureTestExecutionListener@1f89ae0, org.springframework.boot.test.autoconfigure.web.servlet.WebDriverTestExecutionListener@1a81e6d9]
]]></system-out>
  </testcase>
  <testcase name="Incorrectly edit the property" classname="Edit Ad" time="0">
    <skipped message="The step &quot;Maria  When Maria fills Name as &quot;Casa 1&quot;&quot; is undefined"/>
  </testcase>
  <testcase name="Incorrectly edit the property" classname="Edit Ad" time="0">
    <skipped message="The step &quot;Location as &quot;Aveiro&quot;&quot; is undefined"/>
  </testcase>
  <testcase name="Incorrectly edit the property" classname="Edit Ad" time="0">
    <skipped message="The step &quot;Habitable Space as &quot;30&quot;&quot; is undefined"/>
  </testcase>
  <testcase name="Incorrectly edit the property" classname="Edit Ad" time="0">
    <skipped message="The step &quot;Number of Rooms as &quot;0&quot;&quot; is undefined"/>
  </testcase>
  <testcase name="Incorrectly edit the property" classname="Edit Ad" time="0">
    <skipped message="The step &quot;Price as &quot;120&quot;&quot; is undefined"/>
  </testcase>
  <testcase name="Incorrectly edit the property" classname="Edit Ad" time="0">
    <skipped message="The step &quot;submits the change&quot; is undefined"/>
  </testcase>
  <testcase name="Incorrectly edit the property" classname="Edit Ad" time="0">
    <skipped message="The step &quot;Maria should receive an unsuccessfull message.&quot; is undefined"/>
  </testcase>
  <testcase name="John is already logged in" classname="Show list of properties" time="13.419"/>
  <testcase name="John is not logged in" classname="Show list of properties" time="0">
    <skipped message="The step &quot;John is not logged in&quot; is undefined"/>
    <system-out><![CDATA[2019-06-26 17:21:12.565  INFO 2171 --- [           main] .b.t.c.SpringBootTestContextBootstrapper : Neither @ContextConfiguration nor @ContextHierarchy found for test class [cloudplaces.cucumber.Stepdefs], using SpringBootContextLoader
2019-06-26 17:21:12.567  INFO 2171 --- [           main] o.s.t.c.support.AbstractContextLoader    : Could not detect default resource locations for test class [cloudplaces.cucumber.Stepdefs]: no resource found for suffixes {-context.xml, Context.groovy}.
2019-06-26 17:21:12.584  INFO 2171 --- [           main] .b.t.c.SpringBootTestContextBootstrapper : Loaded default TestExecutionListener class names from location [META-INF/spring.factories]: [org.springframework.boot.test.mock.mockito.MockitoTestExecutionListener, org.springframework.boot.test.mock.mockito.ResetMocksTestExecutionListener, org.springframework.boot.test.autoconfigure.restdocs.RestDocsTestExecutionListener, org.springframework.boot.test.autoconfigure.web.client.MockRestServiceServerResetTestExecutionListener, org.springframework.boot.test.autoconfigure.web.servlet.MockMvcPrintOnlyOnFailureTestExecutionListener, org.springframework.boot.test.autoconfigure.web.servlet.WebDriverTestExecutionListener, org.springframework.test.context.web.ServletTestExecutionListener, org.springframework.test.context.support.DirtiesContextBeforeModesTestExecutionListener, org.springframework.test.context.support.DependencyInjectionTestExecutionListener, org.springframework.test.context.support.DirtiesContextTestExecutionListener, org.springframework.test.context.transaction.TransactionalTestExecutionListener, org.springframework.test.context.jdbc.SqlScriptsTestExecutionListener]
2019-06-26 17:21:12.585  INFO 2171 --- [           main] .b.t.c.SpringBootTestContextBootstrapper : Using TestExecutionListeners: [org.springframework.test.context.web.ServletTestExecutionListener@354bd660, org.springframework.test.context.support.DirtiesContextBeforeModesTestExecutionListener@31aa21de, org.springframework.boot.test.mock.mockito.MockitoTestExecutionListener@290eae6e, org.springframework.boot.test.autoconfigure.SpringBootDependencyInjectionTestExecutionListener@5da3592b, org.springframework.test.context.support.DirtiesContextTestExecutionListener@36307c29, org.springframework.test.context.transaction.TransactionalTestExecutionListener@56740fe0, org.springframework.test.context.jdbc.SqlScriptsTestExecutionListener@ad5b69e, org.springframework.boot.test.mock.mockito.ResetMocksTestExecutionListener@4df8dcee, org.springframework.boot.test.autoconfigure.restdocs.RestDocsTestExecutionListener@789c304c, org.springframework.boot.test.autoconfigure.web.client.MockRestServiceServerResetTestExecutionListener@ee12bb0, org.springframework.boot.test.autoconfigure.web.servlet.MockMvcPrintOnlyOnFailureTestExecutionListener@29271db4, org.springframework.boot.test.autoconfigure.web.servlet.WebDriverTestExecutionListener@22b3abd2]
]]></system-out>
  </testcase>
  <testcase name="John is not logged in" classname="Show list of properties" time="0">
    <skipped message="The step &quot;He logs in&quot; is undefined"/>
  </testcase>
  <testcase name="John finds one property from the list of properties" classname="Show property details" time="0">
    <skipped message="The step &quot;John is logged in and on the list of properties&quot; is undefined"/>
    <system-out><![CDATA[2019-06-26 17:21:12.590  INFO 2171 --- [           main] .b.t.c.SpringBootTestContextBootstrapper : Neither @ContextConfiguration nor @ContextHierarchy found for test class [cloudplaces.cucumber.Stepdefs], using SpringBootContextLoader
2019-06-26 17:21:12.591  INFO 2171 --- [           main] o.s.t.c.support.AbstractContextLoader    : Could not detect default resource locations for test class [cloudplaces.cucumber.Stepdefs]: no resource found for suffixes {-context.xml, Context.groovy}.
2019-06-26 17:21:12.599  INFO 2171 --- [           main] .b.t.c.SpringBootTestContextBootstrapper : Loaded default TestExecutionListener class names from location [META-INF/spring.factories]: [org.springframework.boot.test.mock.mockito.MockitoTestExecutionListener, org.springframework.boot.test.mock.mockito.ResetMocksTestExecutionListener, org.springframework.boot.test.autoconfigure.restdocs.RestDocsTestExecutionListener, org.springframework.boot.test.autoconfigure.web.client.MockRestServiceServerResetTestExecutionListener, org.springframework.boot.test.autoconfigure.web.servlet.MockMvcPrintOnlyOnFailureTestExecutionListener, org.springframework.boot.test.autoconfigure.web.servlet.WebDriverTestExecutionListener, org.springframework.test.context.web.ServletTestExecutionListener, org.springframework.test.context.support.DirtiesContextBeforeModesTestExecutionListener, org.springframework.test.context.support.DependencyInjectionTestExecutionListener, org.springframework.test.context.support.DirtiesContextTestExecutionListener, org.springframework.test.context.transaction.TransactionalTestExecutionListener, org.springframework.test.context.jdbc.SqlScriptsTestExecutionListener]
2019-06-26 17:21:12.601  INFO 2171 --- [           main] .b.t.c.SpringBootTestContextBootstrapper : Using TestExecutionListeners: [org.springframework.test.context.web.ServletTestExecutionListener@3bb4f198, org.springframework.test.context.support.DirtiesContextBeforeModesTestExecutionListener@3c8ff1f5, org.springframework.boot.test.mock.mockito.MockitoTestExecutionListener@2d54816d, org.springframework.boot.test.autoconfigure.SpringBootDependencyInjectionTestExecutionListener@1286522e, org.springframework.test.context.support.DirtiesContextTestExecutionListener@ea259d7, org.springframework.test.context.transaction.TransactionalTestExecutionListener@4de101af, org.springframework.test.context.jdbc.SqlScriptsTestExecutionListener@4437be97, org.springframework.boot.test.mock.mockito.ResetMocksTestExecutionListener@6400931d, org.springframework.boot.test.autoconfigure.restdocs.RestDocsTestExecutionListener@787002ab, org.springframework.boot.test.autoconfigure.web.client.MockRestServiceServerResetTestExecutionListener@3dd98873, org.springframework.boot.test.autoconfigure.web.servlet.MockMvcPrintOnlyOnFailureTestExecutionListener@44635a59, org.springframework.boot.test.autoconfigure.web.servlet.WebDriverTestExecutionListener@241ba1b3]
]]></system-out>
  </testcase>
  <testcase name="John finds one property from the list of properties" classname="Show property details" time="0">
    <skipped message="The step &quot;John clicks on the property&quot; is undefined"/>
  </testcase>
  <testcase name="John finds one property from the list of properties" classname="Show property details" time="0">
    <skipped message="The step &quot;John should see a popup with the property details&quot; is undefined"/>
  </testcase>
  <testcase name="The property is removed successfully" classname="Remove an Ad" time="0">
    <skipped message="The step &quot;John is logged in&quot; is undefined"/>
    <system-out><![CDATA[2019-06-26 17:21:12.611  INFO 2171 --- [           main] .b.t.c.SpringBootTestContextBootstrapper : Neither @ContextConfiguration nor @ContextHierarchy found for test class [cloudplaces.cucumber.Stepdefs], using SpringBootContextLoader
2019-06-26 17:21:12.615  INFO 2171 --- [           main] o.s.t.c.support.AbstractContextLoader    : Could not detect default resource locations for test class [cloudplaces.cucumber.Stepdefs]: no resource found for suffixes {-context.xml, Context.groovy}.
2019-06-26 17:21:12.624  INFO 2171 --- [           main] .b.t.c.SpringBootTestContextBootstrapper : Loaded default TestExecutionListener class names from location [META-INF/spring.factories]: [org.springframework.boot.test.mock.mockito.MockitoTestExecutionListener, org.springframework.boot.test.mock.mockito.ResetMocksTestExecutionListener, org.springframework.boot.test.autoconfigure.restdocs.RestDocsTestExecutionListener, org.springframework.boot.test.autoconfigure.web.client.MockRestServiceServerResetTestExecutionListener, org.springframework.boot.test.autoconfigure.web.servlet.MockMvcPrintOnlyOnFailureTestExecutionListener, org.springframework.boot.test.autoconfigure.web.servlet.WebDriverTestExecutionListener, org.springframework.test.context.web.ServletTestExecutionListener, org.springframework.test.context.support.DirtiesContextBeforeModesTestExecutionListener, org.springframework.test.context.support.DependencyInjectionTestExecutionListener, org.springframework.test.context.support.DirtiesContextTestExecutionListener, org.springframework.test.context.transaction.TransactionalTestExecutionListener, org.springframework.test.context.jdbc.SqlScriptsTestExecutionListener]
2019-06-26 17:21:12.632  INFO 2171 --- [           main] .b.t.c.SpringBootTestContextBootstrapper : Using TestExecutionListeners: [org.springframework.test.context.web.ServletTestExecutionListener@5c069ac1, org.springframework.test.context.support.DirtiesContextBeforeModesTestExecutionListener@2ded1b22, org.springframework.boot.test.mock.mockito.MockitoTestExecutionListener@73823d54, org.springframework.boot.test.autoconfigure.SpringBootDependencyInjectionTestExecutionListener@a6d0cae, org.springframework.test.context.support.DirtiesContextTestExecutionListener@62d54fb0, org.springframework.test.context.transaction.TransactionalTestExecutionListener@27a47cc3, org.springframework.test.context.jdbc.SqlScriptsTestExecutionListener@452e8dfe, org.springframework.boot.test.mock.mockito.ResetMocksTestExecutionListener@2744e189, org.springframework.boot.test.autoconfigure.restdocs.RestDocsTestExecutionListener@6f24921e, org.springframework.boot.test.autoconfigure.web.client.MockRestServiceServerResetTestExecutionListener@6b62b95d, org.springframework.boot.test.autoconfigure.web.servlet.MockMvcPrintOnlyOnFailureTestExecutionListener@5a9288b2, org.springframework.boot.test.autoconfigure.web.servlet.WebDriverTestExecutionListener@5a5a72c0]
]]></system-out>
  </testcase>
  <testcase name="The property is removed successfully" classname="Remove an Ad" time="0">
    <skipped message="The step &quot;has selected the property&quot; is undefined"/>
  </testcase>
  <testcase name="The property is removed successfully" classname="Remove an Ad" time="0">
    <skipped message="The step &quot;he presses the remove button&quot; is undefined"/>
  </testcase>
  <testcase name="The property is removed successfully" classname="Remove an Ad" time="0">
    <skipped message="The step &quot;he should see a positive feedback message&quot; is undefined"/>
  </testcase>
  <testcase name="The property is removed successfully" classname="Remove an Ad" time="0">
    <skipped message="The step &quot;the property should be removed from the list of properties.&quot; is undefined"/>
  </testcase>
  <testcase name="John is on the wishlist page" classname="Remove a property from the wishlist" time="0">
    <skipped message="The step &quot;John is logged in&quot; is undefined"/>
    <system-out><![CDATA[2019-06-26 17:21:12.642  INFO 2171 --- [           main] .b.t.c.SpringBootTestContextBootstrapper : Neither @ContextConfiguration nor @ContextHierarchy found for test class [cloudplaces.cucumber.Stepdefs], using SpringBootContextLoader
2019-06-26 17:21:12.650  INFO 2171 --- [           main] o.s.t.c.support.AbstractContextLoader    : Could not detect default resource locations for test class [cloudplaces.cucumber.Stepdefs]: no resource found for suffixes {-context.xml, Context.groovy}.
2019-06-26 17:21:12.662  INFO 2171 --- [           main] .b.t.c.SpringBootTestContextBootstrapper : Loaded default TestExecutionListener class names from location [META-INF/spring.factories]: [org.springframework.boot.test.mock.mockito.MockitoTestExecutionListener, org.springframework.boot.test.mock.mockito.ResetMocksTestExecutionListener, org.springframework.boot.test.autoconfigure.restdocs.RestDocsTestExecutionListener, org.springframework.boot.test.autoconfigure.web.client.MockRestServiceServerResetTestExecutionListener, org.springframework.boot.test.autoconfigure.web.servlet.MockMvcPrintOnlyOnFailureTestExecutionListener, org.springframework.boot.test.autoconfigure.web.servlet.WebDriverTestExecutionListener, org.springframework.test.context.web.ServletTestExecutionListener, org.springframework.test.context.support.DirtiesContextBeforeModesTestExecutionListener, org.springframework.test.context.support.DependencyInjectionTestExecutionListener, org.springframework.test.context.support.DirtiesContextTestExecutionListener, org.springframework.test.context.transaction.TransactionalTestExecutionListener, org.springframework.test.context.jdbc.SqlScriptsTestExecutionListener]
2019-06-26 17:21:12.676  INFO 2171 --- [           main] .b.t.c.SpringBootTestContextBootstrapper : Using TestExecutionListeners: [org.springframework.test.context.web.ServletTestExecutionListener@5f1ec1f3, org.springframework.test.context.support.DirtiesContextBeforeModesTestExecutionListener@398232ff, org.springframework.boot.test.mock.mockito.MockitoTestExecutionListener@86bde5d, org.springframework.boot.test.autoconfigure.SpringBootDependencyInjectionTestExecutionListener@115a6c4, org.springframework.test.context.support.DirtiesContextTestExecutionListener@282dee4c, org.springframework.test.context.transaction.TransactionalTestExecutionListener@90347c, org.springframework.test.context.jdbc.SqlScriptsTestExecutionListener@56df8b05, org.springframework.boot.test.mock.mockito.ResetMocksTestExecutionListener@7a50249c, org.springframework.boot.test.autoconfigure.restdocs.RestDocsTestExecutionListener@3d48ea14, org.springframework.boot.test.autoconfigure.web.client.MockRestServiceServerResetTestExecutionListener@3c7a1a15, org.springframework.boot.test.autoconfigure.web.servlet.MockMvcPrintOnlyOnFailureTestExecutionListener@1657293c, org.springframework.boot.test.autoconfigure.web.servlet.WebDriverTestExecutionListener@6d589bae]
]]></system-out>
  </testcase>
  <testcase name="John is on the wishlist page" classname="Remove a property from the wishlist" time="0">
    <skipped message="The step &quot;on the wishlist page&quot; is undefined"/>
  </testcase>
  <testcase name="John is on the wishlist page" classname="Remove a property from the wishlist" time="0">
    <skipped message="The step &quot;he presses the heart button of a house&quot; is undefined"/>
  </testcase>
  <testcase name="John is on the wishlist page" classname="Remove a property from the wishlist" time="0">
    <skipped message="The step &quot;the system removes that property from his wishlist&quot; is undefined"/>
  </testcase>
  <testcase name="John is on the property page" classname="Remove a property from the wishlist" time="0">
    <skipped message="The step &quot;John is logged in&quot; is undefined"/>
    <system-out><![CDATA[2019-06-26 17:21:12.689  INFO 2171 --- [           main] .b.t.c.SpringBootTestContextBootstrapper : Neither @ContextConfiguration nor @ContextHierarchy found for test class [cloudplaces.cucumber.Stepdefs], using SpringBootContextLoader
2019-06-26 17:21:12.694  INFO 2171 --- [           main] o.s.t.c.support.AbstractContextLoader    : Could not detect default resource locations for test class [cloudplaces.cucumber.Stepdefs]: no resource found for suffixes {-context.xml, Context.groovy}.
2019-06-26 17:21:12.705  INFO 2171 --- [           main] .b.t.c.SpringBootTestContextBootstrapper : Loaded default TestExecutionListener class names from location [META-INF/spring.factories]: [org.springframework.boot.test.mock.mockito.MockitoTestExecutionListener, org.springframework.boot.test.mock.mockito.ResetMocksTestExecutionListener, org.springframework.boot.test.autoconfigure.restdocs.RestDocsTestExecutionListener, org.springframework.boot.test.autoconfigure.web.client.MockRestServiceServerResetTestExecutionListener, org.springframework.boot.test.autoconfigure.web.servlet.MockMvcPrintOnlyOnFailureTestExecutionListener, org.springframework.boot.test.autoconfigure.web.servlet.WebDriverTestExecutionListener, org.springframework.test.context.web.ServletTestExecutionListener, org.springframework.test.context.support.DirtiesContextBeforeModesTestExecutionListener, org.springframework.test.context.support.DependencyInjectionTestExecutionListener, org.springframework.test.context.support.DirtiesContextTestExecutionListener, org.springframework.test.context.transaction.TransactionalTestExecutionListener, org.springframework.test.context.jdbc.SqlScriptsTestExecutionListener]
2019-06-26 17:21:12.706  INFO 2171 --- [           main] .b.t.c.SpringBootTestContextBootstrapper : Using TestExecutionListeners: [org.springframework.test.context.web.ServletTestExecutionListener@7b7cce0b, org.springframework.test.context.support.DirtiesContextBeforeModesTestExecutionListener@54cd0691, org.springframework.boot.test.mock.mockito.MockitoTestExecutionListener@7de1624d, org.springframework.boot.test.autoconfigure.SpringBootDependencyInjectionTestExecutionListener@3c38f9b6, org.springframework.test.context.support.DirtiesContextTestExecutionListener@212974ac, org.springframework.test.context.transaction.TransactionalTestExecutionListener@1dec1796, org.springframework.test.context.jdbc.SqlScriptsTestExecutionListener@6be9fd6c, org.springframework.boot.test.mock.mockito.ResetMocksTestExecutionListener@10674cee, org.springframework.boot.test.autoconfigure.restdocs.RestDocsTestExecutionListener@7a01d65a, org.springframework.boot.test.autoconfigure.web.client.MockRestServiceServerResetTestExecutionListener@7ac3e2b, org.springframework.boot.test.autoconfigure.web.servlet.MockMvcPrintOnlyOnFailureTestExecutionListener@238aa12f, org.springframework.boot.test.autoconfigure.web.servlet.WebDriverTestExecutionListener@9a0998c]
]]></system-out>
  </testcase>
  <testcase name="John is on the property page" classname="Remove a property from the wishlist" time="0">
    <skipped message="The step &quot;on the property page&quot; is undefined"/>
  </testcase>
  <testcase name="John is on the property page" classname="Remove a property from the wishlist" time="0">
    <skipped message="The step &quot;the property is on his wishlist&quot; is undefined"/>
  </testcase>
  <testcase name="John is on the property page" classname="Remove a property from the wishlist" time="0">
    <skipped message="The step &quot;he presses the heart button&quot; is undefined"/>
  </testcase>
  <testcase name="John is on the property page" classname="Remove a property from the wishlist" time="0">
    <skipped message="The step &quot;the system removes that property from his wishlist&quot; is undefined"/>
  </testcase>
  <testcase name="There are houses with the criteria" classname="Search By Date" time="0">
    <skipped message="The step &quot;John is logged in&quot; is undefined"/>
    <system-out><![CDATA[2019-06-26 17:21:12.712  INFO 2171 --- [           main] .b.t.c.SpringBootTestContextBootstrapper : Neither @ContextConfiguration nor @ContextHierarchy found for test class [cloudplaces.cucumber.Stepdefs], using SpringBootContextLoader
2019-06-26 17:21:12.714  INFO 2171 --- [           main] o.s.t.c.support.AbstractContextLoader    : Could not detect default resource locations for test class [cloudplaces.cucumber.Stepdefs]: no resource found for suffixes {-context.xml, Context.groovy}.
2019-06-26 17:21:12.718  INFO 2171 --- [           main] .b.t.c.SpringBootTestContextBootstrapper : Loaded default TestExecutionListener class names from location [META-INF/spring.factories]: [org.springframework.boot.test.mock.mockito.MockitoTestExecutionListener, org.springframework.boot.test.mock.mockito.ResetMocksTestExecutionListener, org.springframework.boot.test.autoconfigure.restdocs.RestDocsTestExecutionListener, org.springframework.boot.test.autoconfigure.web.client.MockRestServiceServerResetTestExecutionListener, org.springframework.boot.test.autoconfigure.web.servlet.MockMvcPrintOnlyOnFailureTestExecutionListener, org.springframework.boot.test.autoconfigure.web.servlet.WebDriverTestExecutionListener, org.springframework.test.context.web.ServletTestExecutionListener, org.springframework.test.context.support.DirtiesContextBeforeModesTestExecutionListener, org.springframework.test.context.support.DependencyInjectionTestExecutionListener, org.springframework.test.context.support.DirtiesContextTestExecutionListener, org.springframework.test.context.transaction.TransactionalTestExecutionListener, org.springframework.test.context.jdbc.SqlScriptsTestExecutionListener]
2019-06-26 17:21:12.723  INFO 2171 --- [           main] .b.t.c.SpringBootTestContextBootstrapper : Using TestExecutionListeners: [org.springframework.test.context.web.ServletTestExecutionListener@7de72de4, org.springframework.test.context.support.DirtiesContextBeforeModesTestExecutionListener@1bdc0915, org.springframework.boot.test.mock.mockito.MockitoTestExecutionListener@6d294098, org.springframework.boot.test.autoconfigure.SpringBootDependencyInjectionTestExecutionListener@6048c848, org.springframework.test.context.support.DirtiesContextTestExecutionListener@240451a8, org.springframework.test.context.transaction.TransactionalTestExecutionListener@5feb609c, org.springframework.test.context.jdbc.SqlScriptsTestExecutionListener@7861c679, org.springframework.boot.test.mock.mockito.ResetMocksTestExecutionListener@5ecd5bb5, org.springframework.boot.test.autoconfigure.restdocs.RestDocsTestExecutionListener@5842c8d5, org.springframework.boot.test.autoconfigure.web.client.MockRestServiceServerResetTestExecutionListener@5ca9acc1, org.springframework.boot.test.autoconfigure.web.servlet.MockMvcPrintOnlyOnFailureTestExecutionListener@2a0dfb23, org.springframework.boot.test.autoconfigure.web.servlet.WebDriverTestExecutionListener@1e290d24]
]]></system-out>
  </testcase>
  <testcase name="There are houses with the criteria" classname="Search By Date" time="0">
    <skipped message="The step &quot;in the homepage&quot; is undefined"/>
  </testcase>
  <testcase name="There are houses with the criteria" classname="Search By Date" time="0">
    <skipped message="The step &quot;there are properties with the date &quot;12/05/2019&quot;&quot; is undefined"/>
  </testcase>
  <testcase name="There are houses with the criteria" classname="Search By Date" time="0">
    <skipped message="The step &quot;he searches by the date &quot;12/05/2019&quot;&quot; is undefined"/>
  </testcase>
  <testcase name="There are houses with the criteria" classname="Search By Date" time="0">
    <skipped message="The step &quot;the properties with the date &quot;12/05/2019&quot; should appear&quot; is undefined"/>
  </testcase>
  <testcase name="There are no houses with the criteria" classname="Search By Date" time="0">
    <skipped message="The step &quot;John is logged in&quot; is undefined"/>
    <system-out><![CDATA[2019-06-26 17:21:12.753  INFO 2171 --- [           main] .b.t.c.SpringBootTestContextBootstrapper : Neither @ContextConfiguration nor @ContextHierarchy found for test class [cloudplaces.cucumber.Stepdefs], using SpringBootContextLoader
2019-06-26 17:21:12.754  INFO 2171 --- [           main] o.s.t.c.support.AbstractContextLoader    : Could not detect default resource locations for test class [cloudplaces.cucumber.Stepdefs]: no resource found for suffixes {-context.xml, Context.groovy}.
2019-06-26 17:21:12.759  INFO 2171 --- [           main] .b.t.c.SpringBootTestContextBootstrapper : Loaded default TestExecutionListener class names from location [META-INF/spring.factories]: [org.springframework.boot.test.mock.mockito.MockitoTestExecutionListener, org.springframework.boot.test.mock.mockito.ResetMocksTestExecutionListener, org.springframework.boot.test.autoconfigure.restdocs.RestDocsTestExecutionListener, org.springframework.boot.test.autoconfigure.web.client.MockRestServiceServerResetTestExecutionListener, org.springframework.boot.test.autoconfigure.web.servlet.MockMvcPrintOnlyOnFailureTestExecutionListener, org.springframework.boot.test.autoconfigure.web.servlet.WebDriverTestExecutionListener, org.springframework.test.context.web.ServletTestExecutionListener, org.springframework.test.context.support.DirtiesContextBeforeModesTestExecutionListener, org.springframework.test.context.support.DependencyInjectionTestExecutionListener, org.springframework.test.context.support.DirtiesContextTestExecutionListener, org.springframework.test.context.transaction.TransactionalTestExecutionListener, org.springframework.test.context.jdbc.SqlScriptsTestExecutionListener]
2019-06-26 17:21:12.761  INFO 2171 --- [           main] .b.t.c.SpringBootTestContextBootstrapper : Using TestExecutionListeners: [org.springframework.test.context.web.ServletTestExecutionListener@50637a54, org.springframework.test.context.support.DirtiesContextBeforeModesTestExecutionListener@41bd0b3d, org.springframework.boot.test.mock.mockito.MockitoTestExecutionListener@4ac24ca, org.springframework.boot.test.autoconfigure.SpringBootDependencyInjectionTestExecutionListener@523a4956, org.springframework.test.context.support.DirtiesContextTestExecutionListener@1940389f, org.springframework.test.context.transaction.TransactionalTestExecutionListener@308d3c69, org.springframework.test.context.jdbc.SqlScriptsTestExecutionListener@5562c4c6, org.springframework.boot.test.mock.mockito.ResetMocksTestExecutionListener@551247c5, org.springframework.boot.test.autoconfigure.restdocs.RestDocsTestExecutionListener@4d8e0938, org.springframework.boot.test.autoconfigure.web.client.MockRestServiceServerResetTestExecutionListener@14b91a94, org.springframework.boot.test.autoconfigure.web.servlet.MockMvcPrintOnlyOnFailureTestExecutionListener@57bea831, org.springframework.boot.test.autoconfigure.web.servlet.WebDriverTestExecutionListener@1055e16c]
]]></system-out>
  </testcase>
  <testcase name="There are no houses with the criteria" classname="Search By Date" time="0">
    <skipped message="The step &quot;in the homepage&quot; is undefined"/>
  </testcase>
  <testcase name="There are no houses with the criteria" classname="Search By Date" time="0">
    <skipped message="The step &quot;there are no properties with the date &quot;12/05/2019&quot;&quot; is undefined"/>
  </testcase>
  <testcase name="There are no houses with the criteria" classname="Search By Date" time="0">
    <skipped message="The step &quot;he searches by the date &quot;12/05/2019&quot;&quot; is undefined"/>
  </testcase>
  <testcase name="There are no houses with the criteria" classname="Search By Date" time="0">
    <skipped message="The step &quot;no properties should appear.&quot; is undefined"/>
  </testcase>
  <testcase name="There are houses with the habitable space John wants" classname="Search By Habitable Space" time="0">
    <skipped message="The step &quot;John is logged in&quot; is undefined"/>
    <system-out><![CDATA[2019-06-26 17:21:12.785  INFO 2171 --- [           main] .b.t.c.SpringBootTestContextBootstrapper : Neither @ContextConfiguration nor @ContextHierarchy found for test class [cloudplaces.cucumber.Stepdefs], using SpringBootContextLoader
2019-06-26 17:21:12.790  INFO 2171 --- [           main] o.s.t.c.support.AbstractContextLoader    : Could not detect default resource locations for test class [cloudplaces.cucumber.Stepdefs]: no resource found for suffixes {-context.xml, Context.groovy}.
2019-06-26 17:21:12.805  INFO 2171 --- [           main] .b.t.c.SpringBootTestContextBootstrapper : Loaded default TestExecutionListener class names from location [META-INF/spring.factories]: [org.springframework.boot.test.mock.mockito.MockitoTestExecutionListener, org.springframework.boot.test.mock.mockito.ResetMocksTestExecutionListener, org.springframework.boot.test.autoconfigure.restdocs.RestDocsTestExecutionListener, org.springframework.boot.test.autoconfigure.web.client.MockRestServiceServerResetTestExecutionListener, org.springframework.boot.test.autoconfigure.web.servlet.MockMvcPrintOnlyOnFailureTestExecutionListener, org.springframework.boot.test.autoconfigure.web.servlet.WebDriverTestExecutionListener, org.springframework.test.context.web.ServletTestExecutionListener, org.springframework.test.context.support.DirtiesContextBeforeModesTestExecutionListener, org.springframework.test.context.support.DependencyInjectionTestExecutionListener, org.springframework.test.context.support.DirtiesContextTestExecutionListener, org.springframework.test.context.transaction.TransactionalTestExecutionListener, org.springframework.test.context.jdbc.SqlScriptsTestExecutionListener]
2019-06-26 17:21:12.809  INFO 2171 --- [           main] .b.t.c.SpringBootTestContextBootstrapper : Using TestExecutionListeners: [org.springframework.test.context.web.ServletTestExecutionListener@2daffd97, org.springframework.test.context.support.DirtiesContextBeforeModesTestExecutionListener@711e3f0c, org.springframework.boot.test.mock.mockito.MockitoTestExecutionListener@5343ee3e, org.springframework.boot.test.autoconfigure.SpringBootDependencyInjectionTestExecutionListener@6c222bbb, org.springframework.test.context.support.DirtiesContextTestExecutionListener@3eb330ed, org.springframework.test.context.transaction.TransactionalTestExecutionListener@3ed58e68, org.springframework.test.context.jdbc.SqlScriptsTestExecutionListener@722bb592, org.springframework.boot.test.mock.mockito.ResetMocksTestExecutionListener@fa9379f, org.springframework.boot.test.autoconfigure.restdocs.RestDocsTestExecutionListener@283a4adf, org.springframework.boot.test.autoconfigure.web.client.MockRestServiceServerResetTestExecutionListener@3a8e277e, org.springframework.boot.test.autoconfigure.web.servlet.MockMvcPrintOnlyOnFailureTestExecutionListener@15268298, org.springframework.boot.test.autoconfigure.web.servlet.WebDriverTestExecutionListener@53f55a6c]
]]></system-out>
  </testcase>
  <testcase name="There are houses with the habitable space John wants" classname="Search By Habitable Space" time="0">
    <skipped message="The step &quot;in the homepage&quot; is undefined"/>
  </testcase>
  <testcase name="There are houses with the habitable space John wants" classname="Search By Habitable Space" time="0">
    <skipped message="The step &quot;there are properties with the habitable space &quot;30&quot;&quot; is undefined"/>
  </testcase>
  <testcase name="There are houses with the habitable space John wants" classname="Search By Habitable Space" time="0">
    <skipped message="The step &quot;he searches by the habitable space &quot;30&quot;&quot; is undefined"/>
  </testcase>
  <testcase name="There are houses with the habitable space John wants" classname="Search By Habitable Space" time="0">
    <skipped message="The step &quot;the properties with habitable space &quot;30&quot; should appear&quot; is undefined"/>
  </testcase>
  <testcase name="No houses found" classname="Search By Habitable Space" time="0">
    <skipped message="The step &quot;John logged in&quot; is undefined"/>
    <system-out><![CDATA[2019-06-26 17:21:12.835  INFO 2171 --- [           main] .b.t.c.SpringBootTestContextBootstrapper : Neither @ContextConfiguration nor @ContextHierarchy found for test class [cloudplaces.cucumber.Stepdefs], using SpringBootContextLoader
2019-06-26 17:21:12.838  INFO 2171 --- [           main] o.s.t.c.support.AbstractContextLoader    : Could not detect default resource locations for test class [cloudplaces.cucumber.Stepdefs]: no resource found for suffixes {-context.xml, Context.groovy}.
[...]
    <skipped message="The step &quot;John is logged in&quot; is undefined"/>
    <system-out><![CDATA[2019-06-26 17:21:12.951  INFO 2171 --- [           main] .b.t.c.SpringBootTestContextBootstrapper : Neither @ContextConfiguration nor @ContextHierarchy found for test class [cloudplaces.cucumber.Stepdefs], using SpringBootContextLoader
2019-06-26 17:21:12.952  INFO 2171 --- [           main] o.s.t.c.support.AbstractContextLoader    : Could not detect default resource locations for test class [cloudplaces.cucumber.Stepdefs]: no resource found for suffixes {-context.xml, Context.groovy}.
2019-06-26 17:21:12.957  INFO 2171 --- [           main] .b.t.c.SpringBootTestContextBootstrapper : Loaded default TestExecutionListener class names from location [META-INF/spring.factories]: [org.springframework.boot.test.mock.mockito.MockitoTestExecutionListener, org.springframework.boot.test.mock.mockito.ResetMocksTestExecutionListener, org.springframework.boot.test.autoconfigure.restdocs.RestDocsTestExecutionListener, org.springframework.boot.test.autoconfigure.web.client.MockRestServiceServerResetTestExecutionListener, org.springframework.boot.test.autoconfigure.web.servlet.MockMvcPrintOnlyOnFailureTestExecutionListener, org.springframework.boot.test.autoconfigure.web.servlet.WebDriverTestExecutionListener, org.springframework.test.context.web.ServletTestExecutionListener, org.springframework.test.context.support.DirtiesContextBeforeModesTestExecutionListener, org.springframework.test.context.support.DependencyInjectionTestExecutionListener, org.springframework.test.context.support.DirtiesContextTestExecutionListener, org.springframework.test.context.transaction.TransactionalTestExecutionListener, org.springframework.test.context.jdbc.SqlScriptsTestExecutionListener]
2019-06-26 17:21:12.959  INFO 2171 --- [           main] .b.t.c.SpringBootTestContextBootstrapper : Using TestExecutionListeners: [org.springframework.test.context.web.ServletTestExecutionListener@282a7af6, org.springframework.test.context.support.DirtiesContextBeforeModesTestExecutionListener@546d702f, org.springframework.boot.test.mock.mockito.MockitoTestExecutionListener@7a4c9b21, org.springframework.boot.test.autoconfigure.SpringBootDependencyInjectionTestExecutionListener@2c8c6c7b, org.springframework.test.context.support.DirtiesContextTestExecutionListener@570a5ed6, org.springframework.test.context.transaction.TransactionalTestExecutionListener@6859b010, org.springframework.test.context.jdbc.SqlScriptsTestExecutionListener@7652aba9, org.springframework.boot.test.mock.mockito.ResetMocksTestExecutionListener@39f2feac, org.springframework.boot.test.autoconfigure.restdocs.RestDocsTestExecutionListener@3c0bebaa, org.springframework.boot.test.autoconfigure.web.client.MockRestServiceServerResetTestExecutionListener@19f7050b, org.springframework.boot.test.autoconfigure.web.servlet.MockMvcPrintOnlyOnFailureTestExecutionListener@7a1bea7f, org.springframework.boot.test.autoconfigure.web.servlet.WebDriverTestExecutionListener@54b26c0e]
]]></system-out>
  </testcase>
  <testcase name="There are no houses with the criteria" classname="Search By Location" time="0">
    <skipped message="The step &quot;in the homepage&quot; is undefined"/>
  </testcase>
  <testcase name="There are no houses with the criteria" classname="Search By Location" time="0">
    <skipped message="The step &quot;there are no properties with the location &quot;Aveiro&quot;&quot; is undefined"/>
  </testcase>
  <testcase name="There are no houses with the criteria" classname="Search By Location" time="0">
    <skipped message="The step &quot;he searches by the location &quot;Aveiro&quot;&quot; is undefined"/>
  </testcase>
  <testcase name="There are no houses with the criteria" classname="Search By Location" time="0">
    <skipped message="The step &quot;no properties should appear.&quot; is undefined"/>
  </testcase>
  <testcase name="There are houses with the criteria" classname="Search By Name" time="0">
    <skipped message="The step &quot;John is logged in&quot; is undefined"/>
    <system-out><![CDATA[2019-06-26 17:21:12.968  INFO 2171 --- [           main] .b.t.c.SpringBootTestContextBootstrapper : Neither @ContextConfiguration nor @ContextHierarchy found for test class [cloudplaces.cucumber.Stepdefs], using SpringBootContextLoader
2019-06-26 17:21:12.969  INFO 2171 --- [           main] o.s.t.c.support.AbstractContextLoader    : Could not detect default resource locations for test class [cloudplaces.cucumber.Stepdefs]: no resource found for suffixes {-context.xml, Context.groovy}.
2019-06-26 17:21:12.978  INFO 2171 --- [           main] .b.t.c.SpringBootTestContextBootstrapper : Loaded default TestExecutionListener class names from location [META-INF/spring.factories]: [org.springframework.boot.test.mock.mockito.MockitoTestExecutionListener, org.springframework.boot.test.mock.mockito.ResetMocksTestExecutionListener, org.springframework.boot.test.autoconfigure.restdocs.RestDocsTestExecutionListener, org.springframework.boot.test.autoconfigure.web.client.MockRestServiceServerResetTestExecutionListener, org.springframework.boot.test.autoconfigure.web.servlet.MockMvcPrintOnlyOnFailureTestExecutionListener, org.springframework.boot.test.autoconfigure.web.servlet.WebDriverTestExecutionListener, org.springframework.test.context.web.ServletTestExecutionListener, org.springframework.test.context.support.DirtiesContextBeforeModesTestExecutionListener, org.springframework.test.context.support.DependencyInjectionTestExecutionListener, org.springframework.test.context.support.DirtiesContextTestExecutionListener, org.springframework.test.context.transaction.TransactionalTestExecutionListener, org.springframework.test.context.jdbc.SqlScriptsTestExecutionListener]
2019-06-26 17:21:12.979  INFO 2171 --- [           main] .b.t.c.SpringBootTestContextBootstrapper : Using TestExecutionListeners: [org.springframework.test.context.web.ServletTestExecutionListener@37878b89, org.springframework.test.context.support.DirtiesContextBeforeModesTestExecutionListener@16f90f2f, org.springframework.boot.test.mock.mockito.MockitoTestExecutionListener@3394479d, org.springframework.boot.test.autoconfigure.SpringBootDependencyInjectionTestExecutionListener@74819ffd, org.springframework.test.context.support.DirtiesContextTestExecutionListener@7f518927, org.springframework.test.context.transaction.TransactionalTestExecutionListener@218f7195, org.springframework.test.context.jdbc.SqlScriptsTestExecutionListener@30367296, org.springframework.boot.test.mock.mockito.ResetMocksTestExecutionListener@48307d1a, org.springframework.boot.test.autoconfigure.restdocs.RestDocsTestExecutionListener@3bdbdd8a, org.springframework.boot.test.autoconfigure.web.client.MockRestServiceServerResetTestExecutionListener@618210bd, org.springframework.boot.test.autoconfigure.web.servlet.MockMvcPrintOnlyOnFailureTestExecutionListener@62a36cd9, org.springframework.boot.test.autoconfigure.web.servlet.WebDriverTestExecutionListener@29b0153a]
]]></system-out>
  </testcase>
  <testcase name="There are houses with the criteria" classname="Search By Name" time="0">
    <skipped message="The step &quot;in the homepage&quot; is undefined"/>
  </testcase>
  <testcase name="There are houses with the criteria" classname="Search By Name" time="0">
    <skipped message="The step &quot;there are properties with the name &quot;Casa 1&quot;&quot; is undefined"/>
  </testcase>
  <testcase name="There are houses with the criteria" classname="Search By Name" time="0">
    <skipped message="The step &quot;he searches by the name &quot;Casa 1&quot;&quot; is undefined"/>
  </testcase>
  <testcase name="There are houses with the criteria" classname="Search By Name" time="0">
    <skipped message="The step &quot;the properties with the name &quot;Casa 1&quot; should appear&quot; is undefined"/>
  </testcase>
  <testcase name="There are no houses with the criteria" classname="Search By Name" time="0">
    <skipped message="The step &quot;John is logged in&quot; is undefined"/>
    <system-out><![CDATA[2019-06-26 17:21:12.989  INFO 2171 --- [           main] .b.t.c.SpringBootTestContextBootstrapper : Neither @ContextConfiguration nor @ContextHierarchy found for test class [cloudplaces.cucumber.Stepdefs], using SpringBootContextLoader
2019-06-26 17:21:12.991  INFO 2171 --- [           main] o.s.t.c.support.AbstractContextLoader    : Could not detect default resource locations for test class [cloudplaces.cucumber.Stepdefs]: no resource found for suffixes {-context.xml, Context.groovy}.
2019-06-26 17:21:12.999  INFO 2171 --- [           main] .b.t.c.SpringBootTestContextBootstrapper : Loaded default TestExecutionListener class names from location [META-INF/spring.factories]: [org.springframework.boot.test.mock.mockito.MockitoTestExecutionListener, org.springframework.boot.test.mock.mockito.ResetMocksTestExecutionListener, org.springframework.boot.test.autoconfigure.restdocs.RestDocsTestExecutionListener, org.springframework.boot.test.autoconfigure.web.client.MockRestServiceServerResetTestExecutionListener, org.springframework.boot.test.autoconfigure.web.servlet.MockMvcPrintOnlyOnFailureTestExecutionListener, org.springframework.boot.test.autoconfigure.web.servlet.WebDriverTestExecutionListener, org.springframework.test.context.web.ServletTestExecutionListener, org.springframework.test.context.support.DirtiesContextBeforeModesTestExecutionListener, org.springframework.test.context.support.DependencyInjectionTestExecutionListener, org.springframework.test.context.support.DirtiesContextTestExecutionListener, org.springframework.test.context.transaction.TransactionalTestExecutionListener, org.springframework.test.context.jdbc.SqlScriptsTestExecutionListener]
2019-06-26 17:21:13.001  INFO 2171 --- [           main] .b.t.c.SpringBootTestContextBootstrapper : Using TestExecutionListeners: [org.springframework.test.context.web.ServletTestExecutionListener@4ce2ba0b, org.springframework.test.context.support.DirtiesContextBeforeModesTestExecutionListener@3d145cd2, org.springframework.boot.test.mock.mockito.MockitoTestExecutionListener@44a83a0d, org.springframework.boot.test.autoconfigure.SpringBootDependencyInjectionTestExecutionListener@6d98ee67, org.springframework.test.context.support.DirtiesContextTestExecutionListener@3473333d, org.springframework.test.context.transaction.TransactionalTestExecutionListener@2b1e1bad, org.springframework.test.context.jdbc.SqlScriptsTestExecutionListener@2e633491, org.springframework.boot.test.mock.mockito.ResetMocksTestExecutionListener@4220cec, org.springframework.boot.test.autoconfigure.restdocs.RestDocsTestExecutionListener@29e52d8e, org.springframework.boot.test.autoconfigure.web.client.MockRestServiceServerResetTestExecutionListener@72fd886c, org.springframework.boot.test.autoconfigure.web.servlet.MockMvcPrintOnlyOnFailureTestExecutionListener@450dfd1e, org.springframework.boot.test.autoconfigure.web.servlet.WebDriverTestExecutionListener@51dcdc3f]
]]></system-out>
  </testcase>
  <testcase name="There are no houses with the criteria" classname="Search By Name" time="0">
    <skipped message="The step &quot;in the homepage&quot; is undefined"/>
  </testcase>
  <testcase name="There are no houses with the criteria" classname="Search By Name" time="0">
    <skipped message="The step &quot;there are no properties with the name &quot;Casa 1&quot;&quot; is undefined"/>
  </testcase>
  <testcase name="There are no houses with the criteria" classname="Search By Name" time="0">
    <skipped message="The step &quot;he searches by the name &quot;Casa 1&quot;&quot; is undefined"/>
  </testcase>
  <testcase name="There are no houses with the criteria" classname="Search By Name" time="0">
    <skipped message="The step &quot;no properties should appear.&quot; is undefined"/>
  </testcase>
  <testcase name="There are houses with the criteria" classname="Search By Number of Rooms" time="0">
    <skipped message="The step &quot;John is logged in&quot; is undefined"/>
    <system-out><![CDATA[2019-06-26 17:21:13.008  INFO 2171 --- [           main] .b.t.c.SpringBootTestContextBootstrapper : Neither @ContextConfiguration nor @ContextHierarchy found for test class [cloudplaces.cucumber.Stepdefs], using SpringBootContextLoader
2019-06-26 17:21:13.011  INFO 2171 --- [           main] o.s.t.c.support.AbstractContextLoader    : Could not detect default resource locations for test class [cloudplaces.cucumber.Stepdefs]: no resource found for suffixes {-context.xml, Context.groovy}.
2019-06-26 17:21:13.022  INFO 2171 --- [           main] .b.t.c.SpringBootTestContextBootstrapper : Loaded default TestExecutionListener class names from location [META-INF/spring.factories]: [org.springframework.boot.test.mock.mockito.MockitoTestExecutionListener, org.springframework.boot.test.mock.mockito.ResetMocksTestExecutionListener, org.springframework.boot.test.autoconfigure.restdocs.RestDocsTestExecutionListener, org.springframework.boot.test.autoconfigure.web.client.MockRestServiceServerResetTestExecutionListener, org.springframework.boot.test.autoconfigure.web.servlet.MockMvcPrintOnlyOnFailureTestExecutionListener, org.springframework.boot.test.autoconfigure.web.servlet.WebDriverTestExecutionListener, org.springframework.test.context.web.ServletTestExecutionListener, org.springframework.test.context.support.DirtiesContextBeforeModesTestExecutionListener, org.springframework.test.context.support.DependencyInjectionTestExecutionListener, org.springframework.test.context.support.DirtiesContextTestExecutionListener, org.springframework.test.context.transaction.TransactionalTestExecutionListener, org.springframework.test.context.jdbc.SqlScriptsTestExecutionListener]
2019-06-26 17:21:13.023  INFO 2171 --- [           main] .b.t.c.SpringBootTestContextBootstrapper : Using TestExecutionListeners: [org.springframework.test.context.web.ServletTestExecutionListener@51d512d7, org.springframework.test.context.support.DirtiesContextBeforeModesTestExecutionListener@4ff54e69, org.springframework.boot.test.mock.mockito.MockitoTestExecutionListener@653abf84, org.springframework.boot.test.autoconfigure.SpringBootDependencyInjectionTestExecutionListener@5230ba38, org.springframework.test.context.support.DirtiesContextTestExecutionListener@2b8a4903, org.springframework.test.context.transaction.TransactionalTestExecutionListener@4e69cc1d, org.springframework.test.context.jdbc.SqlScriptsTestExecutionListener@7e9f9ccb, org.springframework.boot.test.mock.mockito.ResetMocksTestExecutionListener@2929085a, org.springframework.boot.test.autoconfigure.restdocs.RestDocsTestExecutionListener@50929e2d, org.springframework.boot.test.autoconfigure.web.client.MockRestServiceServerResetTestExecutionListener@509bb906, org.springframework.boot.test.autoconfigure.web.servlet.MockMvcPrintOnlyOnFailureTestExecutionListener@52600e1a, org.springframework.boot.test.autoconfigure.web.servlet.WebDriverTestExecutionListener@336aa7d4]
]]></system-out>
  </testcase>
  <testcase name="There are houses with the criteria" classname="Search By Number of Rooms" time="0">
    <skipped message="The step &quot;in the homepage&quot; is undefined"/>
  </testcase>
  <testcase name="There are houses with the criteria" classname="Search By Number of Rooms" time="0">
    <skipped message="The step &quot;there are properties with the number of rooms &quot;3&quot;&quot; is undefined"/>
  </testcase>
  <testcase name="There are houses with the criteria" classname="Search By Number of Rooms" time="0">
    <skipped message="The step &quot;he searches by the number of rooms &quot;3&quot;&quot; is undefined"/>
  </testcase>
  <testcase name="There are houses with the criteria" classname="Search By Number of Rooms" time="0">
    <skipped message="The step &quot;the properties with the number of rooms &quot;3&quot; should appear&quot; is undefined"/>
  </testcase>
  <testcase name="There are no houses with the criteria" classname="Search By Number of Rooms" time="0">
    <skipped message="The step &quot;John is logged in&quot; is undefined"/>
    <system-out><![CDATA[2019-06-26 17:21:13.033  INFO 2171 --- [           main] .b.t.c.SpringBootTestContextBootstrapper : Neither @ContextConfiguration nor @ContextHierarchy found for test class [cloudplaces.cucumber.Stepdefs], using SpringBootContextLoader
2019-06-26 17:21:13.034  INFO 2171 --- [           main] o.s.t.c.support.AbstractContextLoader    : Could not detect default resource locations for test class [cloudplaces.cucumber.Stepdefs]: no resource found for suffixes {-context.xml, Context.groovy}.
2019-06-26 17:21:13.042  INFO 2171 --- [           main] .b.t.c.SpringBootTestContextBootstrapper : Loaded default TestExecutionListener class names from location [META-INF/spring.factories]: [org.springframework.boot.test.mock.mockito.MockitoTestExecutionListener, org.springframework.boot.test.mock.mockito.ResetMocksTestExecutionListener, org.springframework.boot.test.autoconfigure.restdocs.RestDocsTestExecutionListener, org.springframework.boot.test.autoconfigure.web.client.MockRestServiceServerResetTestExecutionListener, org.springframework.boot.test.autoconfigure.web.servlet.MockMvcPrintOnlyOnFailureTestExecutionListener, org.springframework.boot.test.autoconfigure.web.servlet.WebDriverTestExecutionListener, org.springframework.test.context.web.ServletTestExecutionListener, org.springframework.test.context.support.DirtiesContextBeforeModesTestExecutionListener, org.springframework.test.context.support.DependencyInjectionTestExecutionListener, org.springframework.test.context.support.DirtiesContextTestExecutionListener, org.springframework.test.context.transaction.TransactionalTestExecutionListener, org.springframework.test.context.jdbc.SqlScriptsTestExecutionListener]
2019-06-26 17:21:13.044  INFO 2171 --- [           main] .b.t.c.SpringBootTestContextBootstrapper : Using TestExecutionListeners: [org.springframework.test.context.web.ServletTestExecutionListener@77cd2462, org.springframework.test.context.support.DirtiesContextBeforeModesTestExecutionListener@7a13f014, org.springframework.boot.test.mock.mockito.MockitoTestExecutionListener@28d12192, org.springframework.boot.test.autoconfigure.SpringBootDependencyInjectionTestExecutionListener@4e63775b, org.springframework.test.context.support.DirtiesContextTestExecutionListener@5093b4c1, org.springframework.test.context.transaction.TransactionalTestExecutionListener@35656d97, org.springframework.test.context.jdbc.SqlScriptsTestExecutionListener@14191718, org.springframework.boot.test.mock.mockito.ResetMocksTestExecutionListener@4115636f, org.springframework.boot.test.autoconfigure.restdocs.RestDocsTestExecutionListener@c6df230, org.springframework.boot.test.autoconfigure.web.client.MockRestServiceServerResetTestExecutionListener@12fa3fff, org.springframework.boot.test.autoconfigure.web.servlet.MockMvcPrintOnlyOnFailureTestExecutionListener@4e874b6f, org.springframework.boot.test.autoconfigure.web.servlet.WebDriverTestExecutionListener@24e347cb]
]]></system-out>
  </testcase>
  <testcase name="There are no houses with the criteria" classname="Search By Number of Rooms" time="0">
    <skipped message="The step &quot;in the homepage&quot; is undefined"/>
  </testcase>
  <testcase name="There are no houses with the criteria" classname="Search By Number of Rooms" time="0">
    <skipped message="The step &quot;there are no properties with the number of rooms &quot;3&quot;&quot; is undefined"/>
  </testcase>
  <testcase name="There are no houses with the criteria" classname="Search By Number of Rooms" time="0">
    <skipped message="The step &quot;he searches by the number of rooms &quot;3&quot;&quot; is undefined"/>
  </testcase>
  <testcase name="There are no houses with the criteria" classname="Search By Number of Rooms" time="0">
    <skipped message="The step &quot;no properties should appear.&quot; is undefined"/>
  </testcase>
</testsuite>