<?xml version="1.0" encoding="UTF-8"?>
<testsuite xmlns:xsi="http://www.w3.org/2001/XMLSchema-instance" xsi:noNamespaceSchemaLocation="https://maven.apache.org/surefire/maven-surefire-plugin/xsd/surefire-test-report.xsd" name="selenium.RedmineTest" time="2.122" tests="1" errors="1" skipped="0" failures="0">
  <properties>
[...]
</properties>
  <testcase name="testRedmine" classname="selenium.RedmineTest" time="2.098">
    <error message="invalid argument: can&apos;t kill an exited process&#10;Build info: version: &apos;3.6.0&apos;, revision: &apos;6fbf3ec767&apos;, time: &apos;2017-09-27T15:28:36.4Z&apos;&#10;System info: host: &apos;aluno-7564.wireless.ua.pt&apos;, ip: &apos;fe80:0:0:0:10b3:5504:c4de:7eb2%en0&apos;, os.name: &apos;Mac OS X&apos;, os.arch: &apos;x86_64&apos;, os.version: &apos;10.14.4&apos;, java.version: &apos;1.8.0_171&apos;&#10;Driver info: driver.version: FirefoxDriver&#10;remote stacktrace: " type="org.openqa.selenium.WebDriverException">org.openqa.selenium.WebDriverException: 
invalid argument: can't kill an exited process
Build info: version: '3.6.0', revision: '6fbf3ec767', time: '2017-09-27T15:28:36.4Z'
System info: host: 'aluno-7564.wireless.ua.pt', ip: 'fe80:0:0:0:10b3:5504:c4de:7eb2%en0', os.name: 'Mac OS X', os.arch: 'x86_64', os.version: '10.14.4', java.version: '1.8.0_171'
Driver info: driver.version: FirefoxDriver
remote stacktrace: 
	at selenium.RedmineTest.setUp(RedmineTest.java:43)
</error>
    <system-err><![CDATA[1561370097370	mozrunner::runner	INFO	Running command: "/Applications/Firefox.app/Contents/MacOS/firefox-bin" "-marionette" "-foreground" "-no-remote" "-profile" "/var/folders/n8/sgkyd81j3zndyyr3mspfbp3w0000gn/T/rust_mozprofile.1nFOL8HngfOQ"
]]></system-err>
  </testcase>
</testsuite>